ARM GAS  /var/folders/s1/w1vq8g2x1hl_3mycxvqn0m9w0000gn/T//ccuLZ1Si.s 			page 1


   1              		.cpu cortex-m4
   2              		.eabi_attribute 27, 1
   3              		.eabi_attribute 28, 1
   4              		.eabi_attribute 20, 1
   5              		.eabi_attribute 21, 1
   6              		.eabi_attribute 23, 3
   7              		.eabi_attribute 24, 1
   8              		.eabi_attribute 25, 1
   9              		.eabi_attribute 26, 1
  10              		.eabi_attribute 30, 1
  11              		.eabi_attribute 34, 1
  12              		.eabi_attribute 18, 4
  13              		.file	"DigiLed.c"
  14              		.text
  15              	.Ltext0:
  16              		.cfi_sections	.debug_frame
  17              		.section	.text.DigiLed_setRGB,"ax",%progbits
  18              		.align	1
  19              		.global	DigiLed_setRGB
  20              		.arch armv7e-m
  21              		.syntax unified
  22              		.thumb
  23              		.thumb_func
  24              		.fpu fpv4-sp-d16
  26              	DigiLed_setRGB:
  27              	.LVL0:
  28              	.LFB133:
  29              		.file 1 "Core/Src/DigiLed.c"
   1:Core/Src/DigiLed.c **** /**
   2:Core/Src/DigiLed.c ****  * @brief		This library enables the use of the popular APA102 addressable
   3:Core/Src/DigiLed.c ****  * 				RGB LEDs with the familiar STM32 HAL library.
   4:Core/Src/DigiLed.c ****  * @file		digitalled.c
   5:Core/Src/DigiLed.c ****  * @date		13.07.2019
   6:Core/Src/DigiLed.c ****  * @version		0.1.0
   7:Core/Src/DigiLed.c ****  * @author		Hans Achterbahn
   8:Core/Src/DigiLed.c ****  * @url			https://github.com/HansAchterbahn/APA102-on-STM32
   9:Core/Src/DigiLed.c ****  * @license		CC-BY-SA 4.0
  10:Core/Src/DigiLed.c ****  *
  11:Core/Src/DigiLed.c ****  *
  12:Core/Src/DigiLed.c ****  * @forkAuthor		Remko Welling
  13:Core/Src/DigiLed.c ****  * @forkE-Mail		remko@rfsee.nl
  14:Core/Src/DigiLed.c ****  * @forkUrl			https://github.com/pe1mew/APA102-on-STM32
  15:Core/Src/DigiLed.c ****  * @forkLicense		CC-BY-SA 4.0
  16:Core/Src/DigiLed.c ****  *
  17:Core/Src/DigiLed.c ****  *
  18:Core/Src/DigiLed.c ****  * @settings
  19:Core/Src/DigiLed.c ****  *
  20:Core/Src/DigiLed.c ****  * 		SPI Settings
  21:Core/Src/DigiLed.c ****  * 		------------
  22:Core/Src/DigiLed.c ****  * 		hspi1.Instance = SPI1;
  23:Core/Src/DigiLed.c ****  * 		hspi1.Init.Mode = SPI_MODE_MASTER;
  24:Core/Src/DigiLed.c ****  * 		hspi1.Init.Direction = SPI_DIRECTION_1LINE;
  25:Core/Src/DigiLed.c ****  * 		hspi1.Init.DataSize = SPI_DATASIZE_8BIT;
  26:Core/Src/DigiLed.c ****  * 		hspi1.Init.CLKPolarity = SPI_POLARITY_LOW;
  27:Core/Src/DigiLed.c ****  * 		hspi1.Init.CLKPhase = SPI_PHASE_1EDGE;
  28:Core/Src/DigiLed.c ****  * 		hspi1.Init.NSS = SPI_NSS_SOFT;
  29:Core/Src/DigiLed.c ****  * 		hspi1.Init.BaudRatePrescaler = SPI_BAUDRATEPRESCALER_32;
ARM GAS  /var/folders/s1/w1vq8g2x1hl_3mycxvqn0m9w0000gn/T//ccuLZ1Si.s 			page 2


  30:Core/Src/DigiLed.c ****  * 		hspi1.Init.FirstBit = SPI_FIRSTBIT_MSB;
  31:Core/Src/DigiLed.c ****  * 		hspi1.Init.TIMode = SPI_TIMODE_DISABLE;
  32:Core/Src/DigiLed.c ****  * 		hspi1.Init.CRCCalculation = SPI_CRCCALCULATION_DISABLE;
  33:Core/Src/DigiLed.c ****  *	 	hspi1.Init.CRCPolynomial = 7;
  34:Core/Src/DigiLed.c ****  * 		hspi1.Init.CRCLength = SPI_CRC_LENGTH_DATASIZE;
  35:Core/Src/DigiLed.c ****  * 		hspi1.Init.NSSPMode = SPI_NSS_PULSE_DISABLE;
  36:Core/Src/DigiLed.c ****  *
  37:Core/Src/DigiLed.c ****  */
  38:Core/Src/DigiLed.c **** 
  39:Core/Src/DigiLed.c **** /* includes */
  40:Core/Src/DigiLed.c **** #include "DigiLed.h"
  41:Core/Src/DigiLed.c **** #include "stdint.h"
  42:Core/Src/DigiLed.c **** 
  43:Core/Src/DigiLed.c **** 
  44:Core/Src/DigiLed.c **** /* variables */
  45:Core/Src/DigiLed.c **** uint8_t SpiSendFrame[LED_START_FRAME_SIZE + 4 * LED_FRAME_SIZE + LED_END_FRAME_SIZE];
  46:Core/Src/DigiLed.c **** uint8_t _frameModified; 		// when frame is changed the stimuli is set high
  47:Core/Src/DigiLed.c **** SPI_HandleTypeDef *_spiHandler;
  48:Core/Src/DigiLed.c **** 
  49:Core/Src/DigiLed.c **** /* functions */
  50:Core/Src/DigiLed.c **** 
  51:Core/Src/DigiLed.c **** /**
  52:Core/Src/DigiLed.c ****  *  @brief Initialize digital led class
  53:Core/Src/DigiLed.c ****  */
  54:Core/Src/DigiLed.c **** void DigiLed_init(SPI_HandleTypeDef *hspi)
  55:Core/Src/DigiLed.c **** {
  56:Core/Src/DigiLed.c **** 	_frameModified = TRUE; 		// Initial set to true to force update after initialization of frame buff
  57:Core/Src/DigiLed.c **** 
  58:Core/Src/DigiLed.c **** 	_spiHandler = hspi;			// SPI handler is given to library
  59:Core/Src/DigiLed.c **** 
  60:Core/Src/DigiLed.c **** 	// TODO Auto-generated constructor stub
  61:Core/Src/DigiLed.c **** 
  62:Core/Src/DigiLed.c **** 	for (int led = 0; led < LED_FRAME_SIZE; led++)
  63:Core/Src/DigiLed.c **** 	{
  64:Core/Src/DigiLed.c **** 		_digitalLedframe[led].FieldsIn.INIT = 0x7; // Set MSB first 3 bits to identify start of LED packe
  65:Core/Src/DigiLed.c **** 		_digitalLedframe[led].FieldsIn.GLOBAL = 0x00; // Switch off LED global
  66:Core/Src/DigiLed.c **** 		_digitalLedframe[led].FieldsIn.BLUE = 0x00;
  67:Core/Src/DigiLed.c **** 		_digitalLedframe[led].FieldsIn.GREEN = 0x00;
  68:Core/Src/DigiLed.c **** 		_digitalLedframe[led].FieldsIn.RED = 0x00;
  69:Core/Src/DigiLed.c **** 	}
  70:Core/Src/DigiLed.c **** 	DigiLed_update(FALSE); // Update frame buffer using the value of _frameModified as set in initiali
  71:Core/Src/DigiLed.c **** }
  72:Core/Src/DigiLed.c **** 
  73:Core/Src/DigiLed.c **** 
  74:Core/Src/DigiLed.c **** /**
  75:Core/Src/DigiLed.c ****  * @brief set color of a single led
  76:Core/Src/DigiLed.c ****  * Set the colors of a single led ad position 'led' using single colors
  77:Core/Src/DigiLed.c ****  * @param led position of the led in the string
  78:Core/Src/DigiLed.c ****  * @param blue intensity of the blue color from 0 to 255
  79:Core/Src/DigiLed.c ****  * @param green intensity of the green color from 0 to 255
  80:Core/Src/DigiLed.c ****  * @param red intensity of the red color from 0 to 255
  81:Core/Src/DigiLed.c ****  */
  82:Core/Src/DigiLed.c **** void DigiLed_setColor(uint8_t led, uint8_t red, uint8_t green, uint8_t blue)
  83:Core/Src/DigiLed.c **** {
  84:Core/Src/DigiLed.c **** 	if (DigiLed_TestPosition(led) == RANGE_OK)
  85:Core/Src/DigiLed.c **** 	{
  86:Core/Src/DigiLed.c **** 		_digitalLedframe[led].FieldsIn.INIT = 0x7; // Set MSB first 3 bits to identify start of LED packe
ARM GAS  /var/folders/s1/w1vq8g2x1hl_3mycxvqn0m9w0000gn/T//ccuLZ1Si.s 			page 3


  87:Core/Src/DigiLed.c **** 		_digitalLedframe[led].FieldsIn.GLOBAL = 0x1F; // Set led at maximum illumination
  88:Core/Src/DigiLed.c **** 		_digitalLedframe[led].FieldsIn.BLUE = blue;
  89:Core/Src/DigiLed.c **** 		_digitalLedframe[led].FieldsIn.GREEN = green;
  90:Core/Src/DigiLed.c **** 		_digitalLedframe[led].FieldsIn.RED = red;
  91:Core/Src/DigiLed.c **** 	}
  92:Core/Src/DigiLed.c **** 	_frameModified = TRUE;
  93:Core/Src/DigiLed.c **** }
  94:Core/Src/DigiLed.c **** 
  95:Core/Src/DigiLed.c **** 
  96:Core/Src/DigiLed.c **** /**
  97:Core/Src/DigiLed.c ****  * @brief set color of all LEDs in a string
  98:Core/Src/DigiLed.c ****  * @param blue intensity of the blue color from 0 to 255
  99:Core/Src/DigiLed.c ****  * @param green intensity of the green color from 0 to 255
 100:Core/Src/DigiLed.c ****  * @param red intensity of the red color from 0 to 255
 101:Core/Src/DigiLed.c ****  */
 102:Core/Src/DigiLed.c **** void DigiLed_setAllColor(uint8_t red, uint8_t green, uint8_t blue)
 103:Core/Src/DigiLed.c **** {
 104:Core/Src/DigiLed.c **** 	for (int led = 0; led < LED_FRAME_SIZE; led++)
 105:Core/Src/DigiLed.c **** 	{
 106:Core/Src/DigiLed.c **** 		DigiLed_setColor(led, red, green, blue);
 107:Core/Src/DigiLed.c **** 	}
 108:Core/Src/DigiLed.c **** }
 109:Core/Src/DigiLed.c **** 
 110:Core/Src/DigiLed.c **** 
 111:Core/Src/DigiLed.c **** /**
 112:Core/Src/DigiLed.c ****  * @brief set color of a single led
 113:Core/Src/DigiLed.c ****  * Set the colors of a single led ad position 'led' using RGB color scheme
 114:Core/Src/DigiLed.c ****  * RGB colors are 24 bits of a 32 bit word where the intensity of the colors red, green en blue are
 115:Core/Src/DigiLed.c ****  * expressed as hex values from 0 to 255 (0 - FF).
 116:Core/Src/DigiLed.c ****  * Colors can be set using defines from "APA102_colors.h"
 117:Core/Src/DigiLed.c ****  * @param led position of the led in the string
 118:Core/Src/DigiLed.c ****  * @param rgb color of led in RGB color scheme
 119:Core/Src/DigiLed.c ****  */
 120:Core/Src/DigiLed.c **** void DigiLed_setRGB(uint8_t led, int32_t rgb)
 121:Core/Src/DigiLed.c **** {
  30              		.loc 1 121 1 view -0
  31              		.cfi_startproc
  32              		@ args = 0, pretend = 0, frame = 0
  33              		@ frame_needed = 0, uses_anonymous_args = 0
  34              		@ link register save eliminated.
  35              		.loc 1 121 1 is_stmt 0 view .LVU1
  36 0000 10B4     		push	{r4}
  37              	.LCFI0:
  38              		.cfi_def_cfa_offset 4
  39              		.cfi_offset 4, -4
 122:Core/Src/DigiLed.c **** 	_digitalLedframe[led].FieldsIn.INIT = 0x7;
  40              		.loc 1 122 2 is_stmt 1 view .LVU2
  41              		.loc 1 122 38 is_stmt 0 view .LVU3
  42 0002 094A     		ldr	r2, .L3
  43 0004 02EB8003 		add	r3, r2, r0, lsl #2
 123:Core/Src/DigiLed.c **** 	_digitalLedframe[led].FieldsIn.GLOBAL = 0x1F;
  44              		.loc 1 123 2 is_stmt 1 view .LVU4
  45              		.loc 1 123 40 is_stmt 0 view .LVU5
  46 0008 FF24     		movs	r4, #255
  47 000a DC70     		strb	r4, [r3, #3]
 124:Core/Src/DigiLed.c **** 	_digitalLedframe[led].FieldsIn.BLUE = (uint8_t)(rgb);
  48              		.loc 1 124 2 is_stmt 1 view .LVU6
ARM GAS  /var/folders/s1/w1vq8g2x1hl_3mycxvqn0m9w0000gn/T//ccuLZ1Si.s 			page 4


  49              		.loc 1 124 38 is_stmt 0 view .LVU7
  50 000c 9970     		strb	r1, [r3, #2]
 125:Core/Src/DigiLed.c **** 	_digitalLedframe[led].FieldsIn.GREEN = (uint8_t)(rgb >> 8);
  51              		.loc 1 125 2 is_stmt 1 view .LVU8
  52              		.loc 1 125 41 is_stmt 0 view .LVU9
  53 000e C1F30724 		ubfx	r4, r1, #8, #8
  54              		.loc 1 125 39 view .LVU10
  55 0012 5C70     		strb	r4, [r3, #1]
 126:Core/Src/DigiLed.c **** 	_digitalLedframe[led].FieldsIn.RED = (uint8_t)(rgb >> 16);
  56              		.loc 1 126 2 is_stmt 1 view .LVU11
  57              		.loc 1 126 39 is_stmt 0 view .LVU12
  58 0014 C1F30741 		ubfx	r1, r1, #16, #8
  59              	.LVL1:
  60              		.loc 1 126 37 view .LVU13
  61 0018 02F82010 		strb	r1, [r2, r0, lsl #2]
 127:Core/Src/DigiLed.c **** 	_frameModified = TRUE;
  62              		.loc 1 127 2 is_stmt 1 view .LVU14
  63              		.loc 1 127 17 is_stmt 0 view .LVU15
  64 001c 034B     		ldr	r3, .L3+4
  65 001e 0122     		movs	r2, #1
  66 0020 1A70     		strb	r2, [r3]
 128:Core/Src/DigiLed.c **** }
  67              		.loc 1 128 1 view .LVU16
  68 0022 5DF8044B 		ldr	r4, [sp], #4
  69              	.LCFI1:
  70              		.cfi_restore 4
  71              		.cfi_def_cfa_offset 0
  72 0026 7047     		bx	lr
  73              	.L4:
  74              		.align	2
  75              	.L3:
  76 0028 00000000 		.word	_digitalLedframe
  77 002c 00000000 		.word	_frameModified
  78              		.cfi_endproc
  79              	.LFE133:
  81              		.section	.text.DigiLed_setAllRGB,"ax",%progbits
  82              		.align	1
  83              		.global	DigiLed_setAllRGB
  84              		.syntax unified
  85              		.thumb
  86              		.thumb_func
  87              		.fpu fpv4-sp-d16
  89              	DigiLed_setAllRGB:
  90              	.LVL2:
  91              	.LFB134:
 129:Core/Src/DigiLed.c **** 
 130:Core/Src/DigiLed.c **** 
 131:Core/Src/DigiLed.c **** /**
 132:Core/Src/DigiLed.c ****  * @brief set color of a single led
 133:Core/Src/DigiLed.c ****  * Set the colors of a single led ad position 'led' using RGB color scheme
 134:Core/Src/DigiLed.c ****  * RGB colors are 24 bits of a 32 bit word where the intensity of the colors red, green and blue ar
 135:Core/Src/DigiLed.c ****  * expressed as hex values from 0 to 255 (0 - FF).
 136:Core/Src/DigiLed.c ****  * Colors can be set using defines from "APA102_colors.h"
 137:Core/Src/DigiLed.c ****  * @param rgb color of led in RGB color scheme
 138:Core/Src/DigiLed.c ****  */
 139:Core/Src/DigiLed.c **** void DigiLed_setAllRGB(int32_t rgb)
 140:Core/Src/DigiLed.c **** {
ARM GAS  /var/folders/s1/w1vq8g2x1hl_3mycxvqn0m9w0000gn/T//ccuLZ1Si.s 			page 5


  92              		.loc 1 140 1 is_stmt 1 view -0
  93              		.cfi_startproc
  94              		@ args = 0, pretend = 0, frame = 0
  95              		@ frame_needed = 0, uses_anonymous_args = 0
  96              		.loc 1 140 1 is_stmt 0 view .LVU18
  97 0000 38B5     		push	{r3, r4, r5, lr}
  98              	.LCFI2:
  99              		.cfi_def_cfa_offset 16
 100              		.cfi_offset 3, -16
 101              		.cfi_offset 4, -12
 102              		.cfi_offset 5, -8
 103              		.cfi_offset 14, -4
 104 0002 0546     		mov	r5, r0
 141:Core/Src/DigiLed.c **** 	for (int led = 0; led < LED_FRAME_SIZE; led++)
 105              		.loc 1 141 2 is_stmt 1 view .LVU19
 106              	.LBB2:
 107              		.loc 1 141 7 view .LVU20
 108              	.LVL3:
 109              		.loc 1 141 11 is_stmt 0 view .LVU21
 110 0004 0024     		movs	r4, #0
 111              	.LVL4:
 112              	.L6:
 113              		.loc 1 141 20 is_stmt 1 discriminator 1 view .LVU22
 114              		.loc 1 141 2 is_stmt 0 discriminator 1 view .LVU23
 115 0006 772C     		cmp	r4, #119
 116 0008 05DC     		bgt	.L9
 142:Core/Src/DigiLed.c **** 	{
 143:Core/Src/DigiLed.c **** 		DigiLed_setRGB(led, rgb);
 117              		.loc 1 143 3 is_stmt 1 discriminator 3 view .LVU24
 118 000a 2946     		mov	r1, r5
 119 000c E0B2     		uxtb	r0, r4
 120 000e FFF7FEFF 		bl	DigiLed_setRGB
 121              	.LVL5:
 141:Core/Src/DigiLed.c **** 	for (int led = 0; led < LED_FRAME_SIZE; led++)
 122              		.loc 1 141 42 discriminator 3 view .LVU25
 141:Core/Src/DigiLed.c **** 	for (int led = 0; led < LED_FRAME_SIZE; led++)
 123              		.loc 1 141 45 is_stmt 0 discriminator 3 view .LVU26
 124 0012 0134     		adds	r4, r4, #1
 125              	.LVL6:
 141:Core/Src/DigiLed.c **** 	for (int led = 0; led < LED_FRAME_SIZE; led++)
 126              		.loc 1 141 45 discriminator 3 view .LVU27
 127 0014 F7E7     		b	.L6
 128              	.L9:
 141:Core/Src/DigiLed.c **** 	for (int led = 0; led < LED_FRAME_SIZE; led++)
 129              		.loc 1 141 45 discriminator 3 view .LVU28
 130              	.LBE2:
 144:Core/Src/DigiLed.c **** 	}
 145:Core/Src/DigiLed.c **** 	_frameModified = TRUE;
 131              		.loc 1 145 2 is_stmt 1 view .LVU29
 132              		.loc 1 145 17 is_stmt 0 view .LVU30
 133 0016 024B     		ldr	r3, .L10
 134 0018 0122     		movs	r2, #1
 135 001a 1A70     		strb	r2, [r3]
 146:Core/Src/DigiLed.c **** }
 136              		.loc 1 146 1 view .LVU31
 137 001c 38BD     		pop	{r3, r4, r5, pc}
 138              	.LVL7:
ARM GAS  /var/folders/s1/w1vq8g2x1hl_3mycxvqn0m9w0000gn/T//ccuLZ1Si.s 			page 6


 139              	.L11:
 140              		.loc 1 146 1 view .LVU32
 141 001e 00BF     		.align	2
 142              	.L10:
 143 0020 00000000 		.word	_frameModified
 144              		.cfi_endproc
 145              	.LFE134:
 147              		.section	.text.DigiLed_setAllIllumination,"ax",%progbits
 148              		.align	1
 149              		.global	DigiLed_setAllIllumination
 150              		.syntax unified
 151              		.thumb
 152              		.thumb_func
 153              		.fpu fpv4-sp-d16
 155              	DigiLed_setAllIllumination:
 156              	.LVL8:
 157              	.LFB136:
 147:Core/Src/DigiLed.c **** 
 148:Core/Src/DigiLed.c **** 
 149:Core/Src/DigiLed.c **** /**
 150:Core/Src/DigiLed.c ****  * @brief set illumination of a single LED
 151:Core/Src/DigiLed.c ****  * Illumination is a value from 0 to 31. 0 means no light, and 31 maximum illumination.
 152:Core/Src/DigiLed.c ****  * setting illumination can interfere with individual RGB settings
 153:Core/Src/DigiLed.c ****  * @param led position of the led in the string
 154:Core/Src/DigiLed.c ****  * @param intensity of illumination
 155:Core/Src/DigiLed.c ****  */
 156:Core/Src/DigiLed.c **** void DigiLed_setLedIllumination(uint8_t led, uint8_t illumination)
 157:Core/Src/DigiLed.c **** {
 158:Core/Src/DigiLed.c **** 	if (DigiLed_TestPosition(led) == RANGE_OK)
 159:Core/Src/DigiLed.c **** 	{
 160:Core/Src/DigiLed.c **** 		_digitalLedframe[led].FieldsIn.GLOBAL = illumination;
 161:Core/Src/DigiLed.c **** 	}
 162:Core/Src/DigiLed.c **** 	_frameModified = TRUE;
 163:Core/Src/DigiLed.c **** }
 164:Core/Src/DigiLed.c **** 
 165:Core/Src/DigiLed.c **** 
 166:Core/Src/DigiLed.c **** /**
 167:Core/Src/DigiLed.c ****  * @brief set illumination of a all LEDs in the frame
 168:Core/Src/DigiLed.c ****  * Illumination is a value from 0 to 31. 0 means no light, and 31 maximum illumination.
 169:Core/Src/DigiLed.c ****  * setting illumination can interfere with individual RGB settings
 170:Core/Src/DigiLed.c ****  * @param intensity of illumination
 171:Core/Src/DigiLed.c ****  */
 172:Core/Src/DigiLed.c **** void DigiLed_setAllIllumination(uint8_t illumination)
 173:Core/Src/DigiLed.c **** {
 158              		.loc 1 173 1 is_stmt 1 view -0
 159              		.cfi_startproc
 160              		@ args = 0, pretend = 0, frame = 0
 161              		@ frame_needed = 0, uses_anonymous_args = 0
 162              		@ link register save eliminated.
 174:Core/Src/DigiLed.c **** 	for (int led = 0; led < LED_FRAME_SIZE; led++)
 163              		.loc 1 174 2 view .LVU34
 164              	.LBB3:
 165              		.loc 1 174 7 view .LVU35
 166              		.loc 1 174 11 is_stmt 0 view .LVU36
 167 0000 0022     		movs	r2, #0
 168              	.LVL9:
 169              	.L13:
ARM GAS  /var/folders/s1/w1vq8g2x1hl_3mycxvqn0m9w0000gn/T//ccuLZ1Si.s 			page 7


 170              		.loc 1 174 20 is_stmt 1 discriminator 1 view .LVU37
 171              		.loc 1 174 2 is_stmt 0 discriminator 1 view .LVU38
 172 0002 772A     		cmp	r2, #119
 173 0004 08DC     		bgt	.L15
 175:Core/Src/DigiLed.c **** 	{
 176:Core/Src/DigiLed.c **** 		_digitalLedframe[led].FieldsIn.GLOBAL = illumination;
 174              		.loc 1 176 3 is_stmt 1 discriminator 3 view .LVU39
 175              		.loc 1 176 41 is_stmt 0 discriminator 3 view .LVU40
 176 0006 064B     		ldr	r3, .L16
 177 0008 03EB8203 		add	r3, r3, r2, lsl #2
 178 000c D978     		ldrb	r1, [r3, #3]	@ zero_extendqisi2
 179 000e 60F30401 		bfi	r1, r0, #0, #5
 180 0012 D970     		strb	r1, [r3, #3]
 174:Core/Src/DigiLed.c **** 	for (int led = 0; led < LED_FRAME_SIZE; led++)
 181              		.loc 1 174 42 is_stmt 1 discriminator 3 view .LVU41
 174:Core/Src/DigiLed.c **** 	for (int led = 0; led < LED_FRAME_SIZE; led++)
 182              		.loc 1 174 45 is_stmt 0 discriminator 3 view .LVU42
 183 0014 0132     		adds	r2, r2, #1
 184              	.LVL10:
 174:Core/Src/DigiLed.c **** 	for (int led = 0; led < LED_FRAME_SIZE; led++)
 185              		.loc 1 174 45 discriminator 3 view .LVU43
 186 0016 F4E7     		b	.L13
 187              	.L15:
 174:Core/Src/DigiLed.c **** 	for (int led = 0; led < LED_FRAME_SIZE; led++)
 188              		.loc 1 174 45 discriminator 3 view .LVU44
 189              	.LBE3:
 177:Core/Src/DigiLed.c **** 	}
 178:Core/Src/DigiLed.c **** 	_frameModified = TRUE;
 190              		.loc 1 178 2 is_stmt 1 view .LVU45
 191              		.loc 1 178 17 is_stmt 0 view .LVU46
 192 0018 024B     		ldr	r3, .L16+4
 193 001a 0122     		movs	r2, #1
 194              	.LVL11:
 195              		.loc 1 178 17 view .LVU47
 196 001c 1A70     		strb	r2, [r3]
 179:Core/Src/DigiLed.c **** }
 197              		.loc 1 179 1 view .LVU48
 198 001e 7047     		bx	lr
 199              	.L17:
 200              		.align	2
 201              	.L16:
 202 0020 00000000 		.word	_digitalLedframe
 203 0024 00000000 		.word	_frameModified
 204              		.cfi_endproc
 205              	.LFE136:
 207              		.section	.text.DigiLed_update,"ax",%progbits
 208              		.align	1
 209              		.global	DigiLed_update
 210              		.syntax unified
 211              		.thumb
 212              		.thumb_func
 213              		.fpu fpv4-sp-d16
 215              	DigiLed_update:
 216              	.LVL12:
 217              	.LFB139:
 180:Core/Src/DigiLed.c **** 
 181:Core/Src/DigiLed.c **** 
ARM GAS  /var/folders/s1/w1vq8g2x1hl_3mycxvqn0m9w0000gn/T//ccuLZ1Si.s 			page 8


 182:Core/Src/DigiLed.c **** /**
 183:Core/Src/DigiLed.c ****  * @brief switch a single led off
 184:Core/Src/DigiLed.c ****  * @param led position of the led in the string to be switched off
 185:Core/Src/DigiLed.c ****  */
 186:Core/Src/DigiLed.c **** void DigiLed_setLedOff(uint8_t led)
 187:Core/Src/DigiLed.c **** {
 188:Core/Src/DigiLed.c **** 	if (DigiLed_TestPosition(led) == RANGE_OK)
 189:Core/Src/DigiLed.c **** 	{
 190:Core/Src/DigiLed.c **** 		_digitalLedframe[led].FieldsIn.GLOBAL = 0x00;
 191:Core/Src/DigiLed.c **** 	}
 192:Core/Src/DigiLed.c **** 	_frameModified = TRUE;
 193:Core/Src/DigiLed.c **** }
 194:Core/Src/DigiLed.c **** 
 195:Core/Src/DigiLed.c **** 
 196:Core/Src/DigiLed.c **** /**
 197:Core/Src/DigiLed.c ****  * @brief switch a single led on
 198:Core/Src/DigiLed.c ****  * Using this function will preserve the active color settings for the led
 199:Core/Src/DigiLed.c ****  * @param led position of the led in the string to be switched on
 200:Core/Src/DigiLed.c ****  */
 201:Core/Src/DigiLed.c **** void DigiLed_setLedOn(uint8_t led)
 202:Core/Src/DigiLed.c **** {
 203:Core/Src/DigiLed.c **** 	if (DigiLed_TestPosition(led) == RANGE_OK)
 204:Core/Src/DigiLed.c **** 	{
 205:Core/Src/DigiLed.c **** 		_digitalLedframe[led].FieldsIn.GLOBAL = 0x1F;
 206:Core/Src/DigiLed.c **** 	}
 207:Core/Src/DigiLed.c **** 	_frameModified = TRUE;
 208:Core/Src/DigiLed.c **** }
 209:Core/Src/DigiLed.c **** 
 210:Core/Src/DigiLed.c **** 
 211:Core/Src/DigiLed.c **** /**
 212:Core/Src/DigiLed.c ****  * @brief update led string
 213:Core/Src/DigiLed.c ****  * @param set true to force update leds and false to update only when frame is modified
 214:Core/Src/DigiLed.c ****  */
 215:Core/Src/DigiLed.c **** void DigiLed_update(uint8_t forceUpdate)
 216:Core/Src/DigiLed.c **** {
 218              		.loc 1 216 1 is_stmt 1 view -0
 219              		.cfi_startproc
 220              		@ args = 0, pretend = 0, frame = 0
 221              		@ frame_needed = 0, uses_anonymous_args = 0
 222              		.loc 1 216 1 is_stmt 0 view .LVU50
 223 0000 F8B5     		push	{r3, r4, r5, r6, r7, lr}
 224              	.LCFI3:
 225              		.cfi_def_cfa_offset 24
 226              		.cfi_offset 3, -24
 227              		.cfi_offset 4, -20
 228              		.cfi_offset 5, -16
 229              		.cfi_offset 6, -12
 230              		.cfi_offset 7, -8
 231              		.cfi_offset 14, -4
 217:Core/Src/DigiLed.c **** 	if(_frameModified | forceUpdate)
 232              		.loc 1 217 2 is_stmt 1 view .LVU51
 233              		.loc 1 217 5 is_stmt 0 view .LVU52
 234 0002 1E4B     		ldr	r3, .L29
 235 0004 1B78     		ldrb	r3, [r3]	@ zero_extendqisi2
 236              		.loc 1 217 4 view .LVU53
 237 0006 0343     		orrs	r3, r0, r3
 238 0008 22D1     		bne	.L26
ARM GAS  /var/folders/s1/w1vq8g2x1hl_3mycxvqn0m9w0000gn/T//ccuLZ1Si.s 			page 9


 239              	.LVL13:
 240              	.L20:
 218:Core/Src/DigiLed.c **** 	{
 219:Core/Src/DigiLed.c **** 		// add start of frame (0x00000000)
 220:Core/Src/DigiLed.c **** 		for(int i = 0; i < LED_START_FRAME_SIZE; i++)
 221:Core/Src/DigiLed.c **** 		{
 222:Core/Src/DigiLed.c **** 			SpiSendFrame[i] = 0x00;
 223:Core/Src/DigiLed.c **** 		}
 224:Core/Src/DigiLed.c **** 
 225:Core/Src/DigiLed.c **** 		// add all LED packets of the frame
 226:Core/Src/DigiLed.c **** 		uint16_t SpiDataPacket = 0;
 227:Core/Src/DigiLed.c **** 		for (uint16_t led = 0; led < LED_FRAME_SIZE; led++)
 228:Core/Src/DigiLed.c **** 		{
 229:Core/Src/DigiLed.c **** 			SpiSendFrame[LED_START_FRAME_SIZE + SpiDataPacket + 0] = _digitalLedframe[led].FieldsOut.CMD;		/
 230:Core/Src/DigiLed.c **** 			SpiSendFrame[LED_START_FRAME_SIZE + SpiDataPacket + 1] = _digitalLedframe[led].FieldsOut.BLUE; 	
 231:Core/Src/DigiLed.c **** 			SpiSendFrame[LED_START_FRAME_SIZE + SpiDataPacket + 2] = _digitalLedframe[led].FieldsOut.GREEN;	
 232:Core/Src/DigiLed.c **** 			SpiSendFrame[LED_START_FRAME_SIZE + SpiDataPacket + 3] = _digitalLedframe[led].FieldsOut.RED;		/
 233:Core/Src/DigiLed.c **** 
 234:Core/Src/DigiLed.c **** 			SpiDataPacket = SpiDataPacket + 4;
 235:Core/Src/DigiLed.c **** 		}
 236:Core/Src/DigiLed.c **** 
 237:Core/Src/DigiLed.c **** 		// add end of frame (0xffffffff)
 238:Core/Src/DigiLed.c **** 		for(int i = 0; i < 4; i++)
 239:Core/Src/DigiLed.c **** 		{
 240:Core/Src/DigiLed.c **** 			SpiSendFrame[LED_START_FRAME_SIZE + 4*LED_FRAME_SIZE + i] = 0xFF;
 241:Core/Src/DigiLed.c **** 		}
 242:Core/Src/DigiLed.c **** 
 243:Core/Src/DigiLed.c **** 		// send spi frame with all led values
 244:Core/Src/DigiLed.c **** 		HAL_SPI_Transmit(_spiHandler, SpiSendFrame, sizeof(SpiSendFrame), 10);
 245:Core/Src/DigiLed.c **** 	}
 246:Core/Src/DigiLed.c **** 
 247:Core/Src/DigiLed.c **** 	_frameModified = FALSE; // reset frame modified identifier.
 241              		.loc 1 247 2 is_stmt 1 view .LVU54
 242              		.loc 1 247 17 is_stmt 0 view .LVU55
 243 000a 1C4B     		ldr	r3, .L29
 244 000c 0022     		movs	r2, #0
 245 000e 1A70     		strb	r2, [r3]
 248:Core/Src/DigiLed.c **** 
 249:Core/Src/DigiLed.c **** }
 246              		.loc 1 249 1 view .LVU56
 247 0010 F8BD     		pop	{r3, r4, r5, r6, r7, pc}
 248              	.LVL14:
 249              	.L21:
 250              	.LBB4:
 251              	.LBB5:
 222:Core/Src/DigiLed.c **** 		}
 252              		.loc 1 222 4 is_stmt 1 discriminator 3 view .LVU57
 222:Core/Src/DigiLed.c **** 		}
 253              		.loc 1 222 20 is_stmt 0 discriminator 3 view .LVU58
 254 0012 1B4A     		ldr	r2, .L29+4
 255 0014 0021     		movs	r1, #0
 256 0016 D154     		strb	r1, [r2, r3]
 220:Core/Src/DigiLed.c **** 		{
 257              		.loc 1 220 44 is_stmt 1 discriminator 3 view .LVU59
 220:Core/Src/DigiLed.c **** 		{
 258              		.loc 1 220 45 is_stmt 0 discriminator 3 view .LVU60
 259 0018 0133     		adds	r3, r3, #1
ARM GAS  /var/folders/s1/w1vq8g2x1hl_3mycxvqn0m9w0000gn/T//ccuLZ1Si.s 			page 10


 260              	.LVL15:
 261              	.L19:
 220:Core/Src/DigiLed.c **** 		{
 262              		.loc 1 220 18 is_stmt 1 discriminator 1 view .LVU61
 220:Core/Src/DigiLed.c **** 		{
 263              		.loc 1 220 3 is_stmt 0 discriminator 1 view .LVU62
 264 001a 032B     		cmp	r3, #3
 265 001c F9DD     		ble	.L21
 266              	.LBE5:
 267              	.LBB6:
 227:Core/Src/DigiLed.c **** 		{
 268              		.loc 1 227 17 view .LVU63
 269 001e 0023     		movs	r3, #0
 270              	.LVL16:
 227:Core/Src/DigiLed.c **** 		{
 271              		.loc 1 227 17 view .LVU64
 272              	.LBE6:
 226:Core/Src/DigiLed.c **** 		for (uint16_t led = 0; led < LED_FRAME_SIZE; led++)
 273              		.loc 1 226 12 view .LVU65
 274 0020 1A46     		mov	r2, r3
 275              	.LVL17:
 276              	.L22:
 277              	.LBB7:
 227:Core/Src/DigiLed.c **** 		{
 278              		.loc 1 227 26 is_stmt 1 discriminator 1 view .LVU66
 227:Core/Src/DigiLed.c **** 		{
 279              		.loc 1 227 3 is_stmt 0 discriminator 1 view .LVU67
 280 0022 772B     		cmp	r3, #119
 281 0024 16D8     		bhi	.L28
 229:Core/Src/DigiLed.c **** 			SpiSendFrame[LED_START_FRAME_SIZE + SpiDataPacket + 1] = _digitalLedframe[led].FieldsOut.BLUE; 	
 282              		.loc 1 229 4 is_stmt 1 discriminator 3 view .LVU68
 229:Core/Src/DigiLed.c **** 			SpiSendFrame[LED_START_FRAME_SIZE + SpiDataPacket + 1] = _digitalLedframe[led].FieldsOut.BLUE; 	
 283              		.loc 1 229 54 is_stmt 0 discriminator 3 view .LVU69
 284 0026 141D     		adds	r4, r2, #4
 229:Core/Src/DigiLed.c **** 			SpiSendFrame[LED_START_FRAME_SIZE + SpiDataPacket + 1] = _digitalLedframe[led].FieldsOut.BLUE; 	
 285              		.loc 1 229 92 discriminator 3 view .LVU70
 286 0028 164D     		ldr	r5, .L29+8
 287 002a 05EB8300 		add	r0, r5, r3, lsl #2
 288 002e C678     		ldrb	r6, [r0, #3]	@ zero_extendqisi2
 229:Core/Src/DigiLed.c **** 			SpiSendFrame[LED_START_FRAME_SIZE + SpiDataPacket + 1] = _digitalLedframe[led].FieldsOut.BLUE; 	
 289              		.loc 1 229 59 discriminator 3 view .LVU71
 290 0030 1349     		ldr	r1, .L29+4
 291 0032 0E55     		strb	r6, [r1, r4]
 230:Core/Src/DigiLed.c **** 			SpiSendFrame[LED_START_FRAME_SIZE + SpiDataPacket + 2] = _digitalLedframe[led].FieldsOut.GREEN;	
 292              		.loc 1 230 4 is_stmt 1 discriminator 3 view .LVU72
 230:Core/Src/DigiLed.c **** 			SpiSendFrame[LED_START_FRAME_SIZE + SpiDataPacket + 2] = _digitalLedframe[led].FieldsOut.GREEN;	
 293              		.loc 1 230 54 is_stmt 0 discriminator 3 view .LVU73
 294 0034 561D     		adds	r6, r2, #5
 230:Core/Src/DigiLed.c **** 			SpiSendFrame[LED_START_FRAME_SIZE + SpiDataPacket + 2] = _digitalLedframe[led].FieldsOut.GREEN;	
 295              		.loc 1 230 92 discriminator 3 view .LVU74
 296 0036 8778     		ldrb	r7, [r0, #2]	@ zero_extendqisi2
 230:Core/Src/DigiLed.c **** 			SpiSendFrame[LED_START_FRAME_SIZE + SpiDataPacket + 2] = _digitalLedframe[led].FieldsOut.GREEN;	
 297              		.loc 1 230 59 discriminator 3 view .LVU75
 298 0038 8F55     		strb	r7, [r1, r6]
 231:Core/Src/DigiLed.c **** 			SpiSendFrame[LED_START_FRAME_SIZE + SpiDataPacket + 3] = _digitalLedframe[led].FieldsOut.RED;		/
 299              		.loc 1 231 4 is_stmt 1 discriminator 3 view .LVU76
 231:Core/Src/DigiLed.c **** 			SpiSendFrame[LED_START_FRAME_SIZE + SpiDataPacket + 3] = _digitalLedframe[led].FieldsOut.RED;		/
ARM GAS  /var/folders/s1/w1vq8g2x1hl_3mycxvqn0m9w0000gn/T//ccuLZ1Si.s 			page 11


 300              		.loc 1 231 54 is_stmt 0 discriminator 3 view .LVU77
 301 003a 961D     		adds	r6, r2, #6
 231:Core/Src/DigiLed.c **** 			SpiSendFrame[LED_START_FRAME_SIZE + SpiDataPacket + 3] = _digitalLedframe[led].FieldsOut.RED;		/
 302              		.loc 1 231 92 discriminator 3 view .LVU78
 303 003c 4078     		ldrb	r0, [r0, #1]	@ zero_extendqisi2
 231:Core/Src/DigiLed.c **** 			SpiSendFrame[LED_START_FRAME_SIZE + SpiDataPacket + 3] = _digitalLedframe[led].FieldsOut.RED;		/
 304              		.loc 1 231 59 discriminator 3 view .LVU79
 305 003e 8855     		strb	r0, [r1, r6]
 232:Core/Src/DigiLed.c **** 
 306              		.loc 1 232 4 is_stmt 1 discriminator 3 view .LVU80
 232:Core/Src/DigiLed.c **** 
 307              		.loc 1 232 54 is_stmt 0 discriminator 3 view .LVU81
 308 0040 0732     		adds	r2, r2, #7
 309              	.LVL18:
 232:Core/Src/DigiLed.c **** 
 310              		.loc 1 232 92 discriminator 3 view .LVU82
 311 0042 15F82300 		ldrb	r0, [r5, r3, lsl #2]	@ zero_extendqisi2
 232:Core/Src/DigiLed.c **** 
 312              		.loc 1 232 59 discriminator 3 view .LVU83
 313 0046 8854     		strb	r0, [r1, r2]
 234:Core/Src/DigiLed.c **** 		}
 314              		.loc 1 234 4 is_stmt 1 discriminator 3 view .LVU84
 234:Core/Src/DigiLed.c **** 		}
 315              		.loc 1 234 18 is_stmt 0 discriminator 3 view .LVU85
 316 0048 A2B2     		uxth	r2, r4
 317              	.LVL19:
 227:Core/Src/DigiLed.c **** 		{
 318              		.loc 1 227 48 is_stmt 1 discriminator 3 view .LVU86
 227:Core/Src/DigiLed.c **** 		{
 319              		.loc 1 227 51 is_stmt 0 discriminator 3 view .LVU87
 320 004a 0133     		adds	r3, r3, #1
 321              	.LVL20:
 227:Core/Src/DigiLed.c **** 		{
 322              		.loc 1 227 51 discriminator 3 view .LVU88
 323 004c 9BB2     		uxth	r3, r3
 324              	.LVL21:
 227:Core/Src/DigiLed.c **** 		{
 325              		.loc 1 227 51 discriminator 3 view .LVU89
 326 004e E8E7     		b	.L22
 327              	.LVL22:
 328              	.L26:
 227:Core/Src/DigiLed.c **** 		{
 329              		.loc 1 227 51 discriminator 3 view .LVU90
 330              	.LBE7:
 331              	.LBB8:
 220:Core/Src/DigiLed.c **** 		{
 332              		.loc 1 220 11 view .LVU91
 333 0050 0023     		movs	r3, #0
 334 0052 E2E7     		b	.L19
 335              	.LVL23:
 336              	.L28:
 220:Core/Src/DigiLed.c **** 		{
 337              		.loc 1 220 11 view .LVU92
 338              	.LBE8:
 339              	.LBB9:
 238:Core/Src/DigiLed.c **** 		{
 340              		.loc 1 238 11 view .LVU93
ARM GAS  /var/folders/s1/w1vq8g2x1hl_3mycxvqn0m9w0000gn/T//ccuLZ1Si.s 			page 12


 341 0054 0023     		movs	r3, #0
 342              	.LVL24:
 238:Core/Src/DigiLed.c **** 		{
 343              		.loc 1 238 11 view .LVU94
 344 0056 05E0     		b	.L24
 345              	.LVL25:
 346              	.L25:
 240:Core/Src/DigiLed.c **** 		}
 347              		.loc 1 240 4 is_stmt 1 discriminator 3 view .LVU95
 240:Core/Src/DigiLed.c **** 		}
 348              		.loc 1 240 57 is_stmt 0 discriminator 3 view .LVU96
 349 0058 03F5F272 		add	r2, r3, #484
 240:Core/Src/DigiLed.c **** 		}
 350              		.loc 1 240 62 discriminator 3 view .LVU97
 351 005c 0849     		ldr	r1, .L29+4
 352 005e FF20     		movs	r0, #255
 353 0060 8854     		strb	r0, [r1, r2]
 238:Core/Src/DigiLed.c **** 		{
 354              		.loc 1 238 25 is_stmt 1 discriminator 3 view .LVU98
 238:Core/Src/DigiLed.c **** 		{
 355              		.loc 1 238 26 is_stmt 0 discriminator 3 view .LVU99
 356 0062 0133     		adds	r3, r3, #1
 357              	.LVL26:
 358              	.L24:
 238:Core/Src/DigiLed.c **** 		{
 359              		.loc 1 238 18 is_stmt 1 discriminator 1 view .LVU100
 238:Core/Src/DigiLed.c **** 		{
 360              		.loc 1 238 3 is_stmt 0 discriminator 1 view .LVU101
 361 0064 032B     		cmp	r3, #3
 362 0066 F7DD     		ble	.L25
 363              	.LBE9:
 244:Core/Src/DigiLed.c **** 	}
 364              		.loc 1 244 3 is_stmt 1 view .LVU102
 365 0068 0A23     		movs	r3, #10
 366              	.LVL27:
 244:Core/Src/DigiLed.c **** 	}
 367              		.loc 1 244 3 is_stmt 0 view .LVU103
 368 006a 4FF4F472 		mov	r2, #488
 369 006e 0449     		ldr	r1, .L29+4
 370 0070 0548     		ldr	r0, .L29+12
 371 0072 0068     		ldr	r0, [r0]
 372 0074 FFF7FEFF 		bl	HAL_SPI_Transmit
 373              	.LVL28:
 374 0078 C7E7     		b	.L20
 375              	.L30:
 376 007a 00BF     		.align	2
 377              	.L29:
 378 007c 00000000 		.word	_frameModified
 379 0080 00000000 		.word	SpiSendFrame
 380 0084 00000000 		.word	_digitalLedframe
 381 0088 00000000 		.word	_spiHandler
 382              	.LBE4:
 383              		.cfi_endproc
 384              	.LFE139:
 386              		.section	.text.DigiLed_init,"ax",%progbits
 387              		.align	1
 388              		.global	DigiLed_init
ARM GAS  /var/folders/s1/w1vq8g2x1hl_3mycxvqn0m9w0000gn/T//ccuLZ1Si.s 			page 13


 389              		.syntax unified
 390              		.thumb
 391              		.thumb_func
 392              		.fpu fpv4-sp-d16
 394              	DigiLed_init:
 395              	.LVL29:
 396              	.LFB130:
  55:Core/Src/DigiLed.c **** 	_frameModified = TRUE; 		// Initial set to true to force update after initialization of frame buff
 397              		.loc 1 55 1 is_stmt 1 view -0
 398              		.cfi_startproc
 399              		@ args = 0, pretend = 0, frame = 0
 400              		@ frame_needed = 0, uses_anonymous_args = 0
  55:Core/Src/DigiLed.c **** 	_frameModified = TRUE; 		// Initial set to true to force update after initialization of frame buff
 401              		.loc 1 55 1 is_stmt 0 view .LVU105
 402 0000 08B5     		push	{r3, lr}
 403              	.LCFI4:
 404              		.cfi_def_cfa_offset 8
 405              		.cfi_offset 3, -8
 406              		.cfi_offset 14, -4
  56:Core/Src/DigiLed.c **** 
 407              		.loc 1 56 2 is_stmt 1 view .LVU106
  56:Core/Src/DigiLed.c **** 
 408              		.loc 1 56 17 is_stmt 0 view .LVU107
 409 0002 0E4B     		ldr	r3, .L36
 410 0004 0122     		movs	r2, #1
 411 0006 1A70     		strb	r2, [r3]
  58:Core/Src/DigiLed.c **** 
 412              		.loc 1 58 2 is_stmt 1 view .LVU108
  58:Core/Src/DigiLed.c **** 
 413              		.loc 1 58 14 is_stmt 0 view .LVU109
 414 0008 0D4B     		ldr	r3, .L36+4
 415 000a 1860     		str	r0, [r3]
  62:Core/Src/DigiLed.c **** 	{
 416              		.loc 1 62 2 is_stmt 1 view .LVU110
 417              	.LBB10:
  62:Core/Src/DigiLed.c **** 	{
 418              		.loc 1 62 7 view .LVU111
 419              	.LVL30:
  62:Core/Src/DigiLed.c **** 	{
 420              		.loc 1 62 11 is_stmt 0 view .LVU112
 421 000c 0023     		movs	r3, #0
 422              	.LVL31:
 423              	.L32:
  62:Core/Src/DigiLed.c **** 	{
 424              		.loc 1 62 20 is_stmt 1 discriminator 1 view .LVU113
  62:Core/Src/DigiLed.c **** 	{
 425              		.loc 1 62 2 is_stmt 0 discriminator 1 view .LVU114
 426 000e 772B     		cmp	r3, #119
 427 0010 0FDC     		bgt	.L35
  64:Core/Src/DigiLed.c **** 		_digitalLedframe[led].FieldsIn.GLOBAL = 0x00; // Switch off LED global
 428              		.loc 1 64 3 is_stmt 1 discriminator 3 view .LVU115
  64:Core/Src/DigiLed.c **** 		_digitalLedframe[led].FieldsIn.GLOBAL = 0x00; // Switch off LED global
 429              		.loc 1 64 39 is_stmt 0 discriminator 3 view .LVU116
 430 0012 0C48     		ldr	r0, .L36+8
 431 0014 00EB8302 		add	r2, r0, r3, lsl #2
 432 0018 D178     		ldrb	r1, [r2, #3]	@ zero_extendqisi2
  65:Core/Src/DigiLed.c **** 		_digitalLedframe[led].FieldsIn.BLUE = 0x00;
ARM GAS  /var/folders/s1/w1vq8g2x1hl_3mycxvqn0m9w0000gn/T//ccuLZ1Si.s 			page 14


 433              		.loc 1 65 3 is_stmt 1 discriminator 3 view .LVU117
  65:Core/Src/DigiLed.c **** 		_digitalLedframe[led].FieldsIn.BLUE = 0x00;
 434              		.loc 1 65 41 is_stmt 0 discriminator 3 view .LVU118
 435 001a 61F01F01 		orn	r1, r1, #31
 436 001e 6FF30401 		bfc	r1, #0, #5
 437 0022 D170     		strb	r1, [r2, #3]
  66:Core/Src/DigiLed.c **** 		_digitalLedframe[led].FieldsIn.GREEN = 0x00;
 438              		.loc 1 66 3 is_stmt 1 discriminator 3 view .LVU119
  66:Core/Src/DigiLed.c **** 		_digitalLedframe[led].FieldsIn.GREEN = 0x00;
 439              		.loc 1 66 39 is_stmt 0 discriminator 3 view .LVU120
 440 0024 0021     		movs	r1, #0
 441 0026 9170     		strb	r1, [r2, #2]
  67:Core/Src/DigiLed.c **** 		_digitalLedframe[led].FieldsIn.RED = 0x00;
 442              		.loc 1 67 3 is_stmt 1 discriminator 3 view .LVU121
  67:Core/Src/DigiLed.c **** 		_digitalLedframe[led].FieldsIn.RED = 0x00;
 443              		.loc 1 67 40 is_stmt 0 discriminator 3 view .LVU122
 444 0028 5170     		strb	r1, [r2, #1]
  68:Core/Src/DigiLed.c **** 	}
 445              		.loc 1 68 3 is_stmt 1 discriminator 3 view .LVU123
  68:Core/Src/DigiLed.c **** 	}
 446              		.loc 1 68 38 is_stmt 0 discriminator 3 view .LVU124
 447 002a 00F82310 		strb	r1, [r0, r3, lsl #2]
  62:Core/Src/DigiLed.c **** 	{
 448              		.loc 1 62 42 is_stmt 1 discriminator 3 view .LVU125
  62:Core/Src/DigiLed.c **** 	{
 449              		.loc 1 62 45 is_stmt 0 discriminator 3 view .LVU126
 450 002e 0133     		adds	r3, r3, #1
 451              	.LVL32:
  62:Core/Src/DigiLed.c **** 	{
 452              		.loc 1 62 45 discriminator 3 view .LVU127
 453 0030 EDE7     		b	.L32
 454              	.L35:
  62:Core/Src/DigiLed.c **** 	{
 455              		.loc 1 62 45 discriminator 3 view .LVU128
 456              	.LBE10:
  70:Core/Src/DigiLed.c **** }
 457              		.loc 1 70 2 is_stmt 1 view .LVU129
 458 0032 0020     		movs	r0, #0
 459 0034 FFF7FEFF 		bl	DigiLed_update
 460              	.LVL33:
  71:Core/Src/DigiLed.c **** 
 461              		.loc 1 71 1 is_stmt 0 view .LVU130
 462 0038 08BD     		pop	{r3, pc}
 463              	.L37:
 464 003a 00BF     		.align	2
 465              	.L36:
 466 003c 00000000 		.word	_frameModified
 467 0040 00000000 		.word	_spiHandler
 468 0044 00000000 		.word	_digitalLedframe
 469              		.cfi_endproc
 470              	.LFE130:
 472              		.section	.text.DigiLed_getFrameSize,"ax",%progbits
 473              		.align	1
 474              		.global	DigiLed_getFrameSize
 475              		.syntax unified
 476              		.thumb
 477              		.thumb_func
ARM GAS  /var/folders/s1/w1vq8g2x1hl_3mycxvqn0m9w0000gn/T//ccuLZ1Si.s 			page 15


 478              		.fpu fpv4-sp-d16
 480              	DigiLed_getFrameSize:
 481              	.LFB140:
 250:Core/Src/DigiLed.c **** 
 251:Core/Src/DigiLed.c **** 
 252:Core/Src/DigiLed.c **** /**
 253:Core/Src/DigiLed.c ****  * @brief get LED frame size
 254:Core/Src/DigiLed.c ****  * @return LED frame size
 255:Core/Src/DigiLed.c ****  */
 256:Core/Src/DigiLed.c **** uint8_t DigiLed_getFrameSize(void)
 257:Core/Src/DigiLed.c **** {
 482              		.loc 1 257 1 is_stmt 1 view -0
 483              		.cfi_startproc
 484              		@ args = 0, pretend = 0, frame = 0
 485              		@ frame_needed = 0, uses_anonymous_args = 0
 486              		@ link register save eliminated.
 258:Core/Src/DigiLed.c **** 	return LED_FRAME_SIZE;
 487              		.loc 1 258 2 view .LVU132
 259:Core/Src/DigiLed.c **** }
 488              		.loc 1 259 1 is_stmt 0 view .LVU133
 489 0000 7820     		movs	r0, #120
 490 0002 7047     		bx	lr
 491              		.cfi_endproc
 492              	.LFE140:
 494              		.section	.text.DigiLed_TestPosition,"ax",%progbits
 495              		.align	1
 496              		.global	DigiLed_TestPosition
 497              		.syntax unified
 498              		.thumb
 499              		.thumb_func
 500              		.fpu fpv4-sp-d16
 502              	DigiLed_TestPosition:
 503              	.LVL34:
 504              	.LFB141:
 260:Core/Src/DigiLed.c **** 
 261:Core/Src/DigiLed.c **** 
 262:Core/Src/DigiLed.c **** /**
 263:Core/Src/DigiLed.c ****  * @brief Test led position is within range.
 264:Core/Src/DigiLed.c ****  * @param led led position
 265:Core/Src/DigiLed.c ****  * @return result of evaluation ad define.
 266:Core/Src/DigiLed.c ****  */
 267:Core/Src/DigiLed.c **** uint8_t DigiLed_TestPosition(uint8_t led)
 268:Core/Src/DigiLed.c **** {
 505              		.loc 1 268 1 is_stmt 1 view -0
 506              		.cfi_startproc
 507              		@ args = 0, pretend = 0, frame = 0
 508              		@ frame_needed = 0, uses_anonymous_args = 0
 509              		@ link register save eliminated.
 269:Core/Src/DigiLed.c **** 	uint8_t returnValue = OUT_OF_RANGE;
 510              		.loc 1 269 2 view .LVU135
 270:Core/Src/DigiLed.c **** 	if (led < LED_FRAME_SIZE)
 511              		.loc 1 270 2 view .LVU136
 512              		.loc 1 270 5 is_stmt 0 view .LVU137
 513 0000 7728     		cmp	r0, #119
 514 0002 01D9     		bls	.L41
 269:Core/Src/DigiLed.c **** 	uint8_t returnValue = OUT_OF_RANGE;
 515              		.loc 1 269 10 view .LVU138
ARM GAS  /var/folders/s1/w1vq8g2x1hl_3mycxvqn0m9w0000gn/T//ccuLZ1Si.s 			page 16


 516 0004 0120     		movs	r0, #1
 517              	.LVL35:
 269:Core/Src/DigiLed.c **** 	uint8_t returnValue = OUT_OF_RANGE;
 518              		.loc 1 269 10 view .LVU139
 519 0006 7047     		bx	lr
 520              	.LVL36:
 521              	.L41:
 271:Core/Src/DigiLed.c **** 	{
 272:Core/Src/DigiLed.c **** 		returnValue = RANGE_OK;
 522              		.loc 1 272 15 view .LVU140
 523 0008 0020     		movs	r0, #0
 524              	.LVL37:
 273:Core/Src/DigiLed.c **** 	}
 274:Core/Src/DigiLed.c **** 	return returnValue;
 525              		.loc 1 274 2 is_stmt 1 view .LVU141
 275:Core/Src/DigiLed.c **** }...
 526              		.loc 1 275 1 is_stmt 0 view .LVU142
 527 000a 7047     		bx	lr
 528              		.cfi_endproc
 529              	.LFE141:
 531              		.section	.text.DigiLed_setColor,"ax",%progbits
 532              		.align	1
 533              		.global	DigiLed_setColor
 534              		.syntax unified
 535              		.thumb
 536              		.thumb_func
 537              		.fpu fpv4-sp-d16
 539              	DigiLed_setColor:
 540              	.LVL38:
 541              	.LFB131:
  83:Core/Src/DigiLed.c **** {
 542              		.loc 1 83 1 is_stmt 1 view -0
 543              		.cfi_startproc
 544              		@ args = 0, pretend = 0, frame = 0
 545              		@ frame_needed = 0, uses_anonymous_args = 0
  83:Core/Src/DigiLed.c **** {
 546              		.loc 1 83 1 is_stmt 0 view .LVU144
 547 0000 F8B5     		push	{r3, r4, r5, r6, r7, lr}
 548              	.LCFI5:
 549              		.cfi_def_cfa_offset 24
 550              		.cfi_offset 3, -24
 551              		.cfi_offset 4, -20
 552              		.cfi_offset 5, -16
 553              		.cfi_offset 6, -12
 554              		.cfi_offset 7, -8
 555              		.cfi_offset 14, -4
 556 0002 0446     		mov	r4, r0
 557 0004 0F46     		mov	r7, r1
 558 0006 1646     		mov	r6, r2
 559 0008 1D46     		mov	r5, r3
  84:Core/Src/DigiLed.c **** 	if (DigiLed_TestPosition(led) == RANGE_OK)
 560              		.loc 1 84 2 is_stmt 1 view .LVU145
  84:Core/Src/DigiLed.c **** 	if (DigiLed_TestPosition(led) == RANGE_OK)
 561              		.loc 1 84 6 is_stmt 0 view .LVU146
 562 000a FFF7FEFF 		bl	DigiLed_TestPosition
 563              	.LVL39:
  84:Core/Src/DigiLed.c **** 	if (DigiLed_TestPosition(led) == RANGE_OK)
ARM GAS  /var/folders/s1/w1vq8g2x1hl_3mycxvqn0m9w0000gn/T//ccuLZ1Si.s 			page 17


 564              		.loc 1 84 5 view .LVU147
 565 000e 40B9     		cbnz	r0, .L43
  86:Core/Src/DigiLed.c **** 		_digitalLedframe[led].FieldsIn.INIT = 0x7; // Set MSB first 3 bits to identify start of LED packe
 566              		.loc 1 86 3 is_stmt 1 view .LVU148
  86:Core/Src/DigiLed.c **** 		_digitalLedframe[led].FieldsIn.INIT = 0x7; // Set MSB first 3 bits to identify start of LED packe
 567              		.loc 1 86 39 is_stmt 0 view .LVU149
 568 0010 064A     		ldr	r2, .L45
 569 0012 02EB8403 		add	r3, r2, r4, lsl #2
  87:Core/Src/DigiLed.c **** 		_digitalLedframe[led].FieldsIn.GLOBAL = 0x1F; // Set led at maximum illumination
 570              		.loc 1 87 3 is_stmt 1 view .LVU150
  87:Core/Src/DigiLed.c **** 		_digitalLedframe[led].FieldsIn.GLOBAL = 0x1F; // Set led at maximum illumination
 571              		.loc 1 87 41 is_stmt 0 view .LVU151
 572 0016 FF21     		movs	r1, #255
 573 0018 D970     		strb	r1, [r3, #3]
  88:Core/Src/DigiLed.c **** 		_digitalLedframe[led].FieldsIn.BLUE = blue;
 574              		.loc 1 88 3 is_stmt 1 view .LVU152
  88:Core/Src/DigiLed.c **** 		_digitalLedframe[led].FieldsIn.BLUE = blue;
 575              		.loc 1 88 39 is_stmt 0 view .LVU153
 576 001a 9D70     		strb	r5, [r3, #2]
  89:Core/Src/DigiLed.c **** 		_digitalLedframe[led].FieldsIn.GREEN = green;
 577              		.loc 1 89 3 is_stmt 1 view .LVU154
  89:Core/Src/DigiLed.c **** 		_digitalLedframe[led].FieldsIn.GREEN = green;
 578              		.loc 1 89 40 is_stmt 0 view .LVU155
 579 001c 5E70     		strb	r6, [r3, #1]
  90:Core/Src/DigiLed.c **** 		_digitalLedframe[led].FieldsIn.RED = red;
 580              		.loc 1 90 3 is_stmt 1 view .LVU156
  90:Core/Src/DigiLed.c **** 		_digitalLedframe[led].FieldsIn.RED = red;
 581              		.loc 1 90 38 is_stmt 0 view .LVU157
 582 001e 02F82470 		strb	r7, [r2, r4, lsl #2]
 583              	.L43:
  92:Core/Src/DigiLed.c **** 	_frameModified = TRUE;
 584              		.loc 1 92 2 is_stmt 1 view .LVU158
  92:Core/Src/DigiLed.c **** 	_frameModified = TRUE;
 585              		.loc 1 92 17 is_stmt 0 view .LVU159
 586 0022 034B     		ldr	r3, .L45+4
 587 0024 0122     		movs	r2, #1
 588 0026 1A70     		strb	r2, [r3]
  93:Core/Src/DigiLed.c **** }
 589              		.loc 1 93 1 view .LVU160
 590 0028 F8BD     		pop	{r3, r4, r5, r6, r7, pc}
 591              	.L46:
 592 002a 00BF     		.align	2
 593              	.L45:
 594 002c 00000000 		.word	_digitalLedframe
 595 0030 00000000 		.word	_frameModified
 596              		.cfi_endproc
 597              	.LFE131:
 599              		.section	.text.DigiLed_setAllColor,"ax",%progbits
 600              		.align	1
 601              		.global	DigiLed_setAllColor
 602              		.syntax unified
 603              		.thumb
 604              		.thumb_func
 605              		.fpu fpv4-sp-d16
 607              	DigiLed_setAllColor:
 608              	.LVL40:
 609              	.LFB132:
ARM GAS  /var/folders/s1/w1vq8g2x1hl_3mycxvqn0m9w0000gn/T//ccuLZ1Si.s 			page 18


 103:Core/Src/DigiLed.c **** {
 610              		.loc 1 103 1 is_stmt 1 view -0
 611              		.cfi_startproc
 612              		@ args = 0, pretend = 0, frame = 0
 613              		@ frame_needed = 0, uses_anonymous_args = 0
 103:Core/Src/DigiLed.c **** {
 614              		.loc 1 103 1 is_stmt 0 view .LVU162
 615 0000 F8B5     		push	{r3, r4, r5, r6, r7, lr}
 616              	.LCFI6:
 617              		.cfi_def_cfa_offset 24
 618              		.cfi_offset 3, -24
 619              		.cfi_offset 4, -20
 620              		.cfi_offset 5, -16
 621              		.cfi_offset 6, -12
 622              		.cfi_offset 7, -8
 623              		.cfi_offset 14, -4
 624 0002 0746     		mov	r7, r0
 625 0004 0E46     		mov	r6, r1
 626 0006 1546     		mov	r5, r2
 104:Core/Src/DigiLed.c **** 	for (int led = 0; led < LED_FRAME_SIZE; led++)
 627              		.loc 1 104 2 is_stmt 1 view .LVU163
 628              	.LBB11:
 104:Core/Src/DigiLed.c **** 	for (int led = 0; led < LED_FRAME_SIZE; led++)
 629              		.loc 1 104 7 view .LVU164
 630              	.LVL41:
 104:Core/Src/DigiLed.c **** 	for (int led = 0; led < LED_FRAME_SIZE; led++)
 631              		.loc 1 104 11 is_stmt 0 view .LVU165
 632 0008 0024     		movs	r4, #0
 633              	.LVL42:
 634              	.L48:
 104:Core/Src/DigiLed.c **** 	for (int led = 0; led < LED_FRAME_SIZE; led++)
 635              		.loc 1 104 20 is_stmt 1 discriminator 1 view .LVU166
 104:Core/Src/DigiLed.c **** 	for (int led = 0; led < LED_FRAME_SIZE; led++)
 636              		.loc 1 104 2 is_stmt 0 discriminator 1 view .LVU167
 637 000a 772C     		cmp	r4, #119
 638 000c 07DC     		bgt	.L51
 106:Core/Src/DigiLed.c **** 		DigiLed_setColor(led, red, green, blue);
 639              		.loc 1 106 3 is_stmt 1 discriminator 3 view .LVU168
 640 000e 2B46     		mov	r3, r5
 641 0010 3246     		mov	r2, r6
 642 0012 3946     		mov	r1, r7
 643 0014 E0B2     		uxtb	r0, r4
 644 0016 FFF7FEFF 		bl	DigiLed_setColor
 645              	.LVL43:
 104:Core/Src/DigiLed.c **** 	for (int led = 0; led < LED_FRAME_SIZE; led++)
 646              		.loc 1 104 42 discriminator 3 view .LVU169
 104:Core/Src/DigiLed.c **** 	for (int led = 0; led < LED_FRAME_SIZE; led++)
 647              		.loc 1 104 45 is_stmt 0 discriminator 3 view .LVU170
 648 001a 0134     		adds	r4, r4, #1
 649              	.LVL44:
 104:Core/Src/DigiLed.c **** 	for (int led = 0; led < LED_FRAME_SIZE; led++)
 650              		.loc 1 104 45 discriminator 3 view .LVU171
 651 001c F5E7     		b	.L48
 652              	.L51:
 104:Core/Src/DigiLed.c **** 	for (int led = 0; led < LED_FRAME_SIZE; led++)
 653              		.loc 1 104 45 discriminator 3 view .LVU172
 654              	.LBE11:
ARM GAS  /var/folders/s1/w1vq8g2x1hl_3mycxvqn0m9w0000gn/T//ccuLZ1Si.s 			page 19


 108:Core/Src/DigiLed.c **** }
 655              		.loc 1 108 1 view .LVU173
 656 001e F8BD     		pop	{r3, r4, r5, r6, r7, pc}
 108:Core/Src/DigiLed.c **** }
 657              		.loc 1 108 1 view .LVU174
 658              		.cfi_endproc
 659              	.LFE132:
 661              		.section	.text.DigiLed_setLedIllumination,"ax",%progbits
 662              		.align	1
 663              		.global	DigiLed_setLedIllumination
 664              		.syntax unified
 665              		.thumb
 666              		.thumb_func
 667              		.fpu fpv4-sp-d16
 669              	DigiLed_setLedIllumination:
 670              	.LVL45:
 671              	.LFB135:
 157:Core/Src/DigiLed.c **** {
 672              		.loc 1 157 1 is_stmt 1 view -0
 673              		.cfi_startproc
 674              		@ args = 0, pretend = 0, frame = 0
 675              		@ frame_needed = 0, uses_anonymous_args = 0
 157:Core/Src/DigiLed.c **** {
 676              		.loc 1 157 1 is_stmt 0 view .LVU176
 677 0000 38B5     		push	{r3, r4, r5, lr}
 678              	.LCFI7:
 679              		.cfi_def_cfa_offset 16
 680              		.cfi_offset 3, -16
 681              		.cfi_offset 4, -12
 682              		.cfi_offset 5, -8
 683              		.cfi_offset 14, -4
 684 0002 0546     		mov	r5, r0
 685 0004 0C46     		mov	r4, r1
 158:Core/Src/DigiLed.c **** 	if (DigiLed_TestPosition(led) == RANGE_OK)
 686              		.loc 1 158 2 is_stmt 1 view .LVU177
 158:Core/Src/DigiLed.c **** 	if (DigiLed_TestPosition(led) == RANGE_OK)
 687              		.loc 1 158 6 is_stmt 0 view .LVU178
 688 0006 FFF7FEFF 		bl	DigiLed_TestPosition
 689              	.LVL46:
 158:Core/Src/DigiLed.c **** 	if (DigiLed_TestPosition(led) == RANGE_OK)
 690              		.loc 1 158 5 view .LVU179
 691 000a 30B9     		cbnz	r0, .L53
 160:Core/Src/DigiLed.c **** 		_digitalLedframe[led].FieldsIn.GLOBAL = illumination;
 692              		.loc 1 160 3 is_stmt 1 view .LVU180
 160:Core/Src/DigiLed.c **** 		_digitalLedframe[led].FieldsIn.GLOBAL = illumination;
 693              		.loc 1 160 41 is_stmt 0 view .LVU181
 694 000c 0548     		ldr	r0, .L55
 695 000e 00EB8500 		add	r0, r0, r5, lsl #2
 696 0012 C378     		ldrb	r3, [r0, #3]	@ zero_extendqisi2
 697 0014 64F30403 		bfi	r3, r4, #0, #5
 698 0018 C370     		strb	r3, [r0, #3]
 699              	.L53:
 162:Core/Src/DigiLed.c **** 	_frameModified = TRUE;
 700              		.loc 1 162 2 is_stmt 1 view .LVU182
 162:Core/Src/DigiLed.c **** 	_frameModified = TRUE;
 701              		.loc 1 162 17 is_stmt 0 view .LVU183
 702 001a 034B     		ldr	r3, .L55+4
ARM GAS  /var/folders/s1/w1vq8g2x1hl_3mycxvqn0m9w0000gn/T//ccuLZ1Si.s 			page 20


 703 001c 0122     		movs	r2, #1
 704 001e 1A70     		strb	r2, [r3]
 163:Core/Src/DigiLed.c **** }
 705              		.loc 1 163 1 view .LVU184
 706 0020 38BD     		pop	{r3, r4, r5, pc}
 707              	.L56:
 708 0022 00BF     		.align	2
 709              	.L55:
 710 0024 00000000 		.word	_digitalLedframe
 711 0028 00000000 		.word	_frameModified
 712              		.cfi_endproc
 713              	.LFE135:
 715              		.section	.text.DigiLed_setLedOff,"ax",%progbits
 716              		.align	1
 717              		.global	DigiLed_setLedOff
 718              		.syntax unified
 719              		.thumb
 720              		.thumb_func
 721              		.fpu fpv4-sp-d16
 723              	DigiLed_setLedOff:
 724              	.LVL47:
 725              	.LFB137:
 187:Core/Src/DigiLed.c **** {
 726              		.loc 1 187 1 is_stmt 1 view -0
 727              		.cfi_startproc
 728              		@ args = 0, pretend = 0, frame = 0
 729              		@ frame_needed = 0, uses_anonymous_args = 0
 187:Core/Src/DigiLed.c **** {
 730              		.loc 1 187 1 is_stmt 0 view .LVU186
 731 0000 10B5     		push	{r4, lr}
 732              	.LCFI8:
 733              		.cfi_def_cfa_offset 8
 734              		.cfi_offset 4, -8
 735              		.cfi_offset 14, -4
 736 0002 0446     		mov	r4, r0
 188:Core/Src/DigiLed.c **** 	if (DigiLed_TestPosition(led) == RANGE_OK)
 737              		.loc 1 188 2 is_stmt 1 view .LVU187
 188:Core/Src/DigiLed.c **** 	if (DigiLed_TestPosition(led) == RANGE_OK)
 738              		.loc 1 188 6 is_stmt 0 view .LVU188
 739 0004 FFF7FEFF 		bl	DigiLed_TestPosition
 740              	.LVL48:
 188:Core/Src/DigiLed.c **** 	if (DigiLed_TestPosition(led) == RANGE_OK)
 741              		.loc 1 188 5 view .LVU189
 742 0008 30B9     		cbnz	r0, .L58
 190:Core/Src/DigiLed.c **** 		_digitalLedframe[led].FieldsIn.GLOBAL = 0x00;
 743              		.loc 1 190 3 is_stmt 1 view .LVU190
 190:Core/Src/DigiLed.c **** 		_digitalLedframe[led].FieldsIn.GLOBAL = 0x00;
 744              		.loc 1 190 41 is_stmt 0 view .LVU191
 745 000a 0548     		ldr	r0, .L60
 746 000c 00EB8400 		add	r0, r0, r4, lsl #2
 747 0010 C378     		ldrb	r3, [r0, #3]	@ zero_extendqisi2
 748 0012 6FF30403 		bfc	r3, #0, #5
 749 0016 C370     		strb	r3, [r0, #3]
 750              	.L58:
 192:Core/Src/DigiLed.c **** 	_frameModified = TRUE;
 751              		.loc 1 192 2 is_stmt 1 view .LVU192
 192:Core/Src/DigiLed.c **** 	_frameModified = TRUE;
ARM GAS  /var/folders/s1/w1vq8g2x1hl_3mycxvqn0m9w0000gn/T//ccuLZ1Si.s 			page 21


 752              		.loc 1 192 17 is_stmt 0 view .LVU193
 753 0018 024B     		ldr	r3, .L60+4
 754 001a 0122     		movs	r2, #1
 755 001c 1A70     		strb	r2, [r3]
 193:Core/Src/DigiLed.c **** }
 756              		.loc 1 193 1 view .LVU194
 757 001e 10BD     		pop	{r4, pc}
 758              	.L61:
 759              		.align	2
 760              	.L60:
 761 0020 00000000 		.word	_digitalLedframe
 762 0024 00000000 		.word	_frameModified
 763              		.cfi_endproc
 764              	.LFE137:
 766              		.section	.text.DigiLed_setLedOn,"ax",%progbits
 767              		.align	1
 768              		.global	DigiLed_setLedOn
 769              		.syntax unified
 770              		.thumb
 771              		.thumb_func
 772              		.fpu fpv4-sp-d16
 774              	DigiLed_setLedOn:
 775              	.LVL49:
 776              	.LFB138:
 202:Core/Src/DigiLed.c **** {
 777              		.loc 1 202 1 is_stmt 1 view -0
 778              		.cfi_startproc
 779              		@ args = 0, pretend = 0, frame = 0
 780              		@ frame_needed = 0, uses_anonymous_args = 0
 202:Core/Src/DigiLed.c **** {
 781              		.loc 1 202 1 is_stmt 0 view .LVU196
 782 0000 10B5     		push	{r4, lr}
 783              	.LCFI9:
 784              		.cfi_def_cfa_offset 8
 785              		.cfi_offset 4, -8
 786              		.cfi_offset 14, -4
 787 0002 0446     		mov	r4, r0
 203:Core/Src/DigiLed.c **** 	if (DigiLed_TestPosition(led) == RANGE_OK)
 788              		.loc 1 203 2 is_stmt 1 view .LVU197
 203:Core/Src/DigiLed.c **** 	if (DigiLed_TestPosition(led) == RANGE_OK)
 789              		.loc 1 203 6 is_stmt 0 view .LVU198
 790 0004 FFF7FEFF 		bl	DigiLed_TestPosition
 791              	.LVL50:
 203:Core/Src/DigiLed.c **** 	if (DigiLed_TestPosition(led) == RANGE_OK)
 792              		.loc 1 203 5 view .LVU199
 793 0008 30B9     		cbnz	r0, .L63
 205:Core/Src/DigiLed.c **** 		_digitalLedframe[led].FieldsIn.GLOBAL = 0x1F;
 794              		.loc 1 205 3 is_stmt 1 view .LVU200
 205:Core/Src/DigiLed.c **** 		_digitalLedframe[led].FieldsIn.GLOBAL = 0x1F;
 795              		.loc 1 205 41 is_stmt 0 view .LVU201
 796 000a 0548     		ldr	r0, .L65
 797 000c 00EB8400 		add	r0, r0, r4, lsl #2
 798 0010 C378     		ldrb	r3, [r0, #3]	@ zero_extendqisi2
 799 0012 43F01F03 		orr	r3, r3, #31
 800 0016 C370     		strb	r3, [r0, #3]
 801              	.L63:
 207:Core/Src/DigiLed.c **** 	_frameModified = TRUE;
ARM GAS  /var/folders/s1/w1vq8g2x1hl_3mycxvqn0m9w0000gn/T//ccuLZ1Si.s 			page 22


 802              		.loc 1 207 2 is_stmt 1 view .LVU202
 207:Core/Src/DigiLed.c **** 	_frameModified = TRUE;
 803              		.loc 1 207 17 is_stmt 0 view .LVU203
 804 0018 024B     		ldr	r3, .L65+4
 805 001a 0122     		movs	r2, #1
 806 001c 1A70     		strb	r2, [r3]
 208:Core/Src/DigiLed.c **** }
 807              		.loc 1 208 1 view .LVU204
 808 001e 10BD     		pop	{r4, pc}
 809              	.L66:
 810              		.align	2
 811              	.L65:
 812 0020 00000000 		.word	_digitalLedframe
 813 0024 00000000 		.word	_frameModified
 814              		.cfi_endproc
 815              	.LFE138:
 817              		.comm	_spiHandler,4,4
 818              		.comm	_frameModified,1,1
 819              		.comm	SpiSendFrame,488,4
 820              		.comm	_digitalLedframe,480,4
 821              		.text
 822              	.Letext0:
 823              		.file 2 "/usr/local/Cellar/arm-none-eabi-gcc/9-2019-q4-major/gcc/arm-none-eabi/include/machine/_de
 824              		.file 3 "/usr/local/Cellar/arm-none-eabi-gcc/9-2019-q4-major/gcc/arm-none-eabi/include/sys/_stdint
 825              		.file 4 "Drivers/CMSIS/Include/core_cm4.h"
 826              		.file 5 "Drivers/CMSIS/Device/ST/STM32F4xx/Include/system_stm32f4xx.h"
 827              		.file 6 "Drivers/CMSIS/Device/ST/STM32F4xx/Include/stm32f412zx.h"
 828              		.file 7 "Drivers/STM32F4xx_HAL_Driver/Inc/stm32f4xx_hal_def.h"
 829              		.file 8 "Drivers/STM32F4xx_HAL_Driver/Inc/stm32f4xx_hal_dma.h"
 830              		.file 9 "Drivers/STM32F4xx_HAL_Driver/Inc/stm32f4xx_hal_spi.h"
 831              		.file 10 "Drivers/STM32F4xx_HAL_Driver/Inc/stm32f4xx_hal.h"
 832              		.file 11 "/Users/pallavkothari/Downloads/src/NeopixelLightbar/Core/Inc/spi.h"
 833              		.file 12 "Core/Inc/DigiLed.h"
ARM GAS  /var/folders/s1/w1vq8g2x1hl_3mycxvqn0m9w0000gn/T//ccuLZ1Si.s 			page 23


DEFINED SYMBOLS
                            *ABS*:0000000000000000 DigiLed.c
/var/folders/s1/w1vq8g2x1hl_3mycxvqn0m9w0000gn/T//ccuLZ1Si.s:18     .text.DigiLed_setRGB:0000000000000000 $t
/var/folders/s1/w1vq8g2x1hl_3mycxvqn0m9w0000gn/T//ccuLZ1Si.s:26     .text.DigiLed_setRGB:0000000000000000 DigiLed_setRGB
/var/folders/s1/w1vq8g2x1hl_3mycxvqn0m9w0000gn/T//ccuLZ1Si.s:76     .text.DigiLed_setRGB:0000000000000028 $d
                            *COM*:00000000000001e0 _digitalLedframe
                            *COM*:0000000000000001 _frameModified
/var/folders/s1/w1vq8g2x1hl_3mycxvqn0m9w0000gn/T//ccuLZ1Si.s:82     .text.DigiLed_setAllRGB:0000000000000000 $t
/var/folders/s1/w1vq8g2x1hl_3mycxvqn0m9w0000gn/T//ccuLZ1Si.s:89     .text.DigiLed_setAllRGB:0000000000000000 DigiLed_setAllRGB
/var/folders/s1/w1vq8g2x1hl_3mycxvqn0m9w0000gn/T//ccuLZ1Si.s:143    .text.DigiLed_setAllRGB:0000000000000020 $d
/var/folders/s1/w1vq8g2x1hl_3mycxvqn0m9w0000gn/T//ccuLZ1Si.s:148    .text.DigiLed_setAllIllumination:0000000000000000 $t
/var/folders/s1/w1vq8g2x1hl_3mycxvqn0m9w0000gn/T//ccuLZ1Si.s:155    .text.DigiLed_setAllIllumination:0000000000000000 DigiLed_setAllIllumination
/var/folders/s1/w1vq8g2x1hl_3mycxvqn0m9w0000gn/T//ccuLZ1Si.s:202    .text.DigiLed_setAllIllumination:0000000000000020 $d
/var/folders/s1/w1vq8g2x1hl_3mycxvqn0m9w0000gn/T//ccuLZ1Si.s:208    .text.DigiLed_update:0000000000000000 $t
/var/folders/s1/w1vq8g2x1hl_3mycxvqn0m9w0000gn/T//ccuLZ1Si.s:215    .text.DigiLed_update:0000000000000000 DigiLed_update
/var/folders/s1/w1vq8g2x1hl_3mycxvqn0m9w0000gn/T//ccuLZ1Si.s:378    .text.DigiLed_update:000000000000007c $d
                            *COM*:00000000000001e8 SpiSendFrame
                            *COM*:0000000000000004 _spiHandler
/var/folders/s1/w1vq8g2x1hl_3mycxvqn0m9w0000gn/T//ccuLZ1Si.s:387    .text.DigiLed_init:0000000000000000 $t
/var/folders/s1/w1vq8g2x1hl_3mycxvqn0m9w0000gn/T//ccuLZ1Si.s:394    .text.DigiLed_init:0000000000000000 DigiLed_init
/var/folders/s1/w1vq8g2x1hl_3mycxvqn0m9w0000gn/T//ccuLZ1Si.s:466    .text.DigiLed_init:000000000000003c $d
/var/folders/s1/w1vq8g2x1hl_3mycxvqn0m9w0000gn/T//ccuLZ1Si.s:473    .text.DigiLed_getFrameSize:0000000000000000 $t
/var/folders/s1/w1vq8g2x1hl_3mycxvqn0m9w0000gn/T//ccuLZ1Si.s:480    .text.DigiLed_getFrameSize:0000000000000000 DigiLed_getFrameSize
/var/folders/s1/w1vq8g2x1hl_3mycxvqn0m9w0000gn/T//ccuLZ1Si.s:495    .text.DigiLed_TestPosition:0000000000000000 $t
/var/folders/s1/w1vq8g2x1hl_3mycxvqn0m9w0000gn/T//ccuLZ1Si.s:502    .text.DigiLed_TestPosition:0000000000000000 DigiLed_TestPosition
/var/folders/s1/w1vq8g2x1hl_3mycxvqn0m9w0000gn/T//ccuLZ1Si.s:532    .text.DigiLed_setColor:0000000000000000 $t
/var/folders/s1/w1vq8g2x1hl_3mycxvqn0m9w0000gn/T//ccuLZ1Si.s:539    .text.DigiLed_setColor:0000000000000000 DigiLed_setColor
/var/folders/s1/w1vq8g2x1hl_3mycxvqn0m9w0000gn/T//ccuLZ1Si.s:594    .text.DigiLed_setColor:000000000000002c $d
/var/folders/s1/w1vq8g2x1hl_3mycxvqn0m9w0000gn/T//ccuLZ1Si.s:600    .text.DigiLed_setAllColor:0000000000000000 $t
/var/folders/s1/w1vq8g2x1hl_3mycxvqn0m9w0000gn/T//ccuLZ1Si.s:607    .text.DigiLed_setAllColor:0000000000000000 DigiLed_setAllColor
/var/folders/s1/w1vq8g2x1hl_3mycxvqn0m9w0000gn/T//ccuLZ1Si.s:662    .text.DigiLed_setLedIllumination:0000000000000000 $t
/var/folders/s1/w1vq8g2x1hl_3mycxvqn0m9w0000gn/T//ccuLZ1Si.s:669    .text.DigiLed_setLedIllumination:0000000000000000 DigiLed_setLedIllumination
/var/folders/s1/w1vq8g2x1hl_3mycxvqn0m9w0000gn/T//ccuLZ1Si.s:710    .text.DigiLed_setLedIllumination:0000000000000024 $d
/var/folders/s1/w1vq8g2x1hl_3mycxvqn0m9w0000gn/T//ccuLZ1Si.s:716    .text.DigiLed_setLedOff:0000000000000000 $t
/var/folders/s1/w1vq8g2x1hl_3mycxvqn0m9w0000gn/T//ccuLZ1Si.s:723    .text.DigiLed_setLedOff:0000000000000000 DigiLed_setLedOff
/var/folders/s1/w1vq8g2x1hl_3mycxvqn0m9w0000gn/T//ccuLZ1Si.s:761    .text.DigiLed_setLedOff:0000000000000020 $d
/var/folders/s1/w1vq8g2x1hl_3mycxvqn0m9w0000gn/T//ccuLZ1Si.s:767    .text.DigiLed_setLedOn:0000000000000000 $t
/var/folders/s1/w1vq8g2x1hl_3mycxvqn0m9w0000gn/T//ccuLZ1Si.s:774    .text.DigiLed_setLedOn:0000000000000000 DigiLed_setLedOn
/var/folders/s1/w1vq8g2x1hl_3mycxvqn0m9w0000gn/T//ccuLZ1Si.s:812    .text.DigiLed_setLedOn:0000000000000020 $d

UNDEFINED SYMBOLS
HAL_SPI_Transmit
