ARM GAS  /var/folders/s1/w1vq8g2x1hl_3mycxvqn0m9w0000gn/T//cciDBOAa.s 			page 1


   1              		.cpu cortex-m4
   2              		.eabi_attribute 27, 1
   3              		.eabi_attribute 28, 1
   4              		.eabi_attribute 20, 1
   5              		.eabi_attribute 21, 1
   6              		.eabi_attribute 23, 3
   7              		.eabi_attribute 24, 1
   8              		.eabi_attribute 25, 1
   9              		.eabi_attribute 26, 1
  10              		.eabi_attribute 30, 1
  11              		.eabi_attribute 34, 1
  12              		.eabi_attribute 18, 4
  13              		.file	"main.c"
  14              		.text
  15              	.Ltext0:
  16              		.cfi_sections	.debug_frame
  17              		.section	.text.SystemClock_Config,"ax",%progbits
  18              		.align	1
  19              		.global	SystemClock_Config
  20              		.arch armv7e-m
  21              		.syntax unified
  22              		.thumb
  23              		.thumb_func
  24              		.fpu fpv4-sp-d16
  26              	SystemClock_Config:
  27              	.LFB135:
  28              		.file 1 "Core/Src/main.c"
   1:Core/Src/main.c **** /* USER CODE BEGIN Header */
   2:Core/Src/main.c **** /**
   3:Core/Src/main.c ****   ******************************************************************************
   4:Core/Src/main.c ****   * @file           : main.c
   5:Core/Src/main.c ****   * @brief          : Main program body
   6:Core/Src/main.c ****   ******************************************************************************
   7:Core/Src/main.c ****   * @attention
   8:Core/Src/main.c ****   *
   9:Core/Src/main.c ****   * <h2><center>&copy; Copyright (c) 2020 STMicroelectronics.
  10:Core/Src/main.c ****   * All rights reserved.</center></h2>
  11:Core/Src/main.c ****   *
  12:Core/Src/main.c ****   * This software component is licensed by ST under Ultimate Liberty license
  13:Core/Src/main.c ****   * SLA0044, the "License"; You may not use this file except in compliance with
  14:Core/Src/main.c ****   * the License. You may obtain a copy of the License at:
  15:Core/Src/main.c ****   *                             www.st.com/SLA0044
  16:Core/Src/main.c ****   *
  17:Core/Src/main.c ****   ******************************************************************************
  18:Core/Src/main.c ****   */
  19:Core/Src/main.c **** /* USER CODE END Header */
  20:Core/Src/main.c **** /* Includes ------------------------------------------------------------------*/
  21:Core/Src/main.c **** #include "main.h"
  22:Core/Src/main.c **** #include "dma.h"
  23:Core/Src/main.c **** #include "spi.h"
  24:Core/Src/main.c **** #include "usb_device.h"
  25:Core/Src/main.c **** #include "gpio.h"
  26:Core/Src/main.c **** 
  27:Core/Src/main.c **** /* Private includes ----------------------------------------------------------*/
  28:Core/Src/main.c **** /* USER CODE BEGIN Includes */
  29:Core/Src/main.c **** // #define LED_NO 120
  30:Core/Src/main.c **** #include "DigiLed.h"
ARM GAS  /var/folders/s1/w1vq8g2x1hl_3mycxvqn0m9w0000gn/T//cciDBOAa.s 			page 2


  31:Core/Src/main.c **** 
  32:Core/Src/main.c **** /* USER CODE END Includes */
  33:Core/Src/main.c **** 
  34:Core/Src/main.c **** /* Private typedef -----------------------------------------------------------*/
  35:Core/Src/main.c **** /* USER CODE BEGIN PTD */
  36:Core/Src/main.c **** 
  37:Core/Src/main.c **** /* USER CODE END PTD */
  38:Core/Src/main.c **** 
  39:Core/Src/main.c **** /* Private define ------------------------------------------------------------*/
  40:Core/Src/main.c **** /* USER CODE BEGIN PD */
  41:Core/Src/main.c **** /* USER CODE END PD */
  42:Core/Src/main.c **** 
  43:Core/Src/main.c **** /* Private macro -------------------------------------------------------------*/
  44:Core/Src/main.c **** /* USER CODE BEGIN PM */
  45:Core/Src/main.c **** 
  46:Core/Src/main.c **** /* USER CODE END PM */
  47:Core/Src/main.c **** 
  48:Core/Src/main.c **** /* Private variables ---------------------------------------------------------*/
  49:Core/Src/main.c **** 
  50:Core/Src/main.c **** /* USER CODE BEGIN PV */
  51:Core/Src/main.c **** 
  52:Core/Src/main.c **** /* USER CODE END PV */
  53:Core/Src/main.c **** 
  54:Core/Src/main.c **** /* Private function prototypes -----------------------------------------------*/
  55:Core/Src/main.c **** void SystemClock_Config(void);
  56:Core/Src/main.c **** /* USER CODE BEGIN PFP */
  57:Core/Src/main.c **** 
  58:Core/Src/main.c **** /* USER CODE END PFP */
  59:Core/Src/main.c **** 
  60:Core/Src/main.c **** /* Private user code ---------------------------------------------------------*/
  61:Core/Src/main.c **** /* USER CODE BEGIN 0 */
  62:Core/Src/main.c **** 
  63:Core/Src/main.c **** /* USER CODE END 0 */
  64:Core/Src/main.c **** 
  65:Core/Src/main.c **** /**
  66:Core/Src/main.c ****   * @brief  The application entry point.
  67:Core/Src/main.c ****   * @retval int
  68:Core/Src/main.c ****   */
  69:Core/Src/main.c **** int main(void)
  70:Core/Src/main.c **** {
  71:Core/Src/main.c ****   /* USER CODE BEGIN 1 */
  72:Core/Src/main.c **** 
  73:Core/Src/main.c ****   /* USER CODE END 1 */
  74:Core/Src/main.c **** 
  75:Core/Src/main.c ****   /* MCU Configuration--------------------------------------------------------*/
  76:Core/Src/main.c **** 
  77:Core/Src/main.c ****   /* Reset of all peripherals, Initializes the Flash interface and the Systick. */
  78:Core/Src/main.c ****   HAL_Init();
  79:Core/Src/main.c **** 
  80:Core/Src/main.c ****   /* USER CODE BEGIN Init */
  81:Core/Src/main.c ****  
  82:Core/Src/main.c ****   /* USER CODE END Init */
  83:Core/Src/main.c **** 
  84:Core/Src/main.c ****   /* Configure the system clock */
  85:Core/Src/main.c ****   SystemClock_Config();
  86:Core/Src/main.c **** 
  87:Core/Src/main.c ****   /* USER CODE BEGIN SysInit */
ARM GAS  /var/folders/s1/w1vq8g2x1hl_3mycxvqn0m9w0000gn/T//cciDBOAa.s 			page 3


  88:Core/Src/main.c **** 
  89:Core/Src/main.c ****   /* USER CODE END SysInit */
  90:Core/Src/main.c **** 
  91:Core/Src/main.c ****   /* Initialize all configured peripherals */
  92:Core/Src/main.c ****   MX_GPIO_Init();
  93:Core/Src/main.c ****   MX_DMA_Init();
  94:Core/Src/main.c ****   MX_USB_DEVICE_Init();
  95:Core/Src/main.c ****   MX_SPI1_Init();
  96:Core/Src/main.c ****   /* USER CODE BEGIN 2 */
  97:Core/Src/main.c **** 
  98:Core/Src/main.c ****   /* USER CODE END 2 */
  99:Core/Src/main.c **** 
 100:Core/Src/main.c ****   /* Infinite loop */
 101:Core/Src/main.c ****   /* USER CODE BEGIN WHILE */
 102:Core/Src/main.c ****   DigiLed_init(&hspi1);
 103:Core/Src/main.c ****   while (1)
 104:Core/Src/main.c ****   {
 105:Core/Src/main.c ****     HAL_GPIO_WritePin(GPIOA, GPIO_PIN_7 ,GPIO_PIN_SET);
 106:Core/Src/main.c ****     HAL_GPIO_WritePin(GPIOA, GPIO_PIN_5 ,GPIO_PIN_SET);
 107:Core/Src/main.c ****     DigiLed_setAllColor(30,30,30);
 108:Core/Src/main.c ****     // HAL_SPI_Transmit( &hspi1, ws_buffer, LED_BUFFER_LENGTH, 300);
 109:Core/Src/main.c ****     /* USER CODE END WHILE */
 110:Core/Src/main.c **** 
 111:Core/Src/main.c ****     /* USER CODE BEGIN 3 */
 112:Core/Src/main.c ****   }
 113:Core/Src/main.c ****   /* USER CODE END 3 */
 114:Core/Src/main.c **** }
 115:Core/Src/main.c **** 
 116:Core/Src/main.c **** /**
 117:Core/Src/main.c ****   * @brief System Clock Configuration
 118:Core/Src/main.c ****   * @retval None
 119:Core/Src/main.c ****   */
 120:Core/Src/main.c **** void SystemClock_Config(void)
 121:Core/Src/main.c **** {
  29              		.loc 1 121 1 view -0
  30              		.cfi_startproc
  31              		@ args = 0, pretend = 0, frame = 144
  32              		@ frame_needed = 0, uses_anonymous_args = 0
  33 0000 30B5     		push	{r4, r5, lr}
  34              	.LCFI0:
  35              		.cfi_def_cfa_offset 12
  36              		.cfi_offset 4, -12
  37              		.cfi_offset 5, -8
  38              		.cfi_offset 14, -4
  39 0002 A5B0     		sub	sp, sp, #148
  40              	.LCFI1:
  41              		.cfi_def_cfa_offset 160
 122:Core/Src/main.c ****   RCC_OscInitTypeDef RCC_OscInitStruct = {0};
  42              		.loc 1 122 3 view .LVU1
  43              		.loc 1 122 22 is_stmt 0 view .LVU2
  44 0004 3422     		movs	r2, #52
  45 0006 0021     		movs	r1, #0
  46 0008 17A8     		add	r0, sp, #92
  47 000a FFF7FEFF 		bl	memset
  48              	.LVL0:
 123:Core/Src/main.c ****   RCC_ClkInitTypeDef RCC_ClkInitStruct = {0};
  49              		.loc 1 123 3 is_stmt 1 view .LVU3
ARM GAS  /var/folders/s1/w1vq8g2x1hl_3mycxvqn0m9w0000gn/T//cciDBOAa.s 			page 4


  50              		.loc 1 123 22 is_stmt 0 view .LVU4
  51 000e 0024     		movs	r4, #0
  52 0010 1294     		str	r4, [sp, #72]
  53 0012 1394     		str	r4, [sp, #76]
  54 0014 1494     		str	r4, [sp, #80]
  55 0016 1594     		str	r4, [sp, #84]
  56 0018 1694     		str	r4, [sp, #88]
 124:Core/Src/main.c ****   RCC_PeriphCLKInitTypeDef PeriphClkInitStruct = {0};
  57              		.loc 1 124 3 is_stmt 1 view .LVU5
  58              		.loc 1 124 28 is_stmt 0 view .LVU6
  59 001a 3C22     		movs	r2, #60
  60 001c 2146     		mov	r1, r4
  61 001e 03A8     		add	r0, sp, #12
  62 0020 FFF7FEFF 		bl	memset
  63              	.LVL1:
 125:Core/Src/main.c **** 
 126:Core/Src/main.c ****   /** Configure the main internal regulator output voltage
 127:Core/Src/main.c ****   */
 128:Core/Src/main.c ****   __HAL_RCC_PWR_CLK_ENABLE();
  64              		.loc 1 128 3 is_stmt 1 view .LVU7
  65              	.LBB2:
  66              		.loc 1 128 3 view .LVU8
  67 0024 0194     		str	r4, [sp, #4]
  68              		.loc 1 128 3 view .LVU9
  69 0026 1F4B     		ldr	r3, .L3
  70 0028 1A6C     		ldr	r2, [r3, #64]
  71 002a 42F08052 		orr	r2, r2, #268435456
  72 002e 1A64     		str	r2, [r3, #64]
  73              		.loc 1 128 3 view .LVU10
  74 0030 1B6C     		ldr	r3, [r3, #64]
  75 0032 03F08053 		and	r3, r3, #268435456
  76 0036 0193     		str	r3, [sp, #4]
  77              		.loc 1 128 3 view .LVU11
  78 0038 019B     		ldr	r3, [sp, #4]
  79              	.LBE2:
  80              		.loc 1 128 3 view .LVU12
 129:Core/Src/main.c ****   __HAL_PWR_VOLTAGESCALING_CONFIG(PWR_REGULATOR_VOLTAGE_SCALE1);
  81              		.loc 1 129 3 view .LVU13
  82              	.LBB3:
  83              		.loc 1 129 3 view .LVU14
  84 003a 0294     		str	r4, [sp, #8]
  85              		.loc 1 129 3 view .LVU15
  86 003c 1A4B     		ldr	r3, .L3+4
  87 003e 1A68     		ldr	r2, [r3]
  88 0040 42F44042 		orr	r2, r2, #49152
  89 0044 1A60     		str	r2, [r3]
  90              		.loc 1 129 3 view .LVU16
  91 0046 1B68     		ldr	r3, [r3]
  92 0048 03F44043 		and	r3, r3, #49152
  93 004c 0293     		str	r3, [sp, #8]
  94              		.loc 1 129 3 view .LVU17
  95 004e 029B     		ldr	r3, [sp, #8]
  96              	.LBE3:
  97              		.loc 1 129 3 view .LVU18
 130:Core/Src/main.c ****   /** Initializes the RCC Oscillators according to the specified parameters
 131:Core/Src/main.c ****   * in the RCC_OscInitTypeDef structure.
 132:Core/Src/main.c ****   */
ARM GAS  /var/folders/s1/w1vq8g2x1hl_3mycxvqn0m9w0000gn/T//cciDBOAa.s 			page 5


 133:Core/Src/main.c ****   RCC_OscInitStruct.OscillatorType = RCC_OSCILLATORTYPE_HSE;
  98              		.loc 1 133 3 view .LVU19
  99              		.loc 1 133 36 is_stmt 0 view .LVU20
 100 0050 0123     		movs	r3, #1
 101 0052 1793     		str	r3, [sp, #92]
 134:Core/Src/main.c ****   RCC_OscInitStruct.HSEState = RCC_HSE_BYPASS;
 102              		.loc 1 134 3 is_stmt 1 view .LVU21
 103              		.loc 1 134 30 is_stmt 0 view .LVU22
 104 0054 4FF4A023 		mov	r3, #327680
 105 0058 1893     		str	r3, [sp, #96]
 135:Core/Src/main.c ****   RCC_OscInitStruct.PLL.PLLState = RCC_PLL_ON;
 106              		.loc 1 135 3 is_stmt 1 view .LVU23
 107              		.loc 1 135 34 is_stmt 0 view .LVU24
 108 005a 0225     		movs	r5, #2
 109 005c 1D95     		str	r5, [sp, #116]
 136:Core/Src/main.c ****   RCC_OscInitStruct.PLL.PLLSource = RCC_PLLSOURCE_HSE;
 110              		.loc 1 136 3 is_stmt 1 view .LVU25
 111              		.loc 1 136 35 is_stmt 0 view .LVU26
 112 005e 4FF48003 		mov	r3, #4194304
 113 0062 1E93     		str	r3, [sp, #120]
 137:Core/Src/main.c ****   RCC_OscInitStruct.PLL.PLLM = 8;
 114              		.loc 1 137 3 is_stmt 1 view .LVU27
 115              		.loc 1 137 30 is_stmt 0 view .LVU28
 116 0064 0823     		movs	r3, #8
 117 0066 1F93     		str	r3, [sp, #124]
 138:Core/Src/main.c ****   RCC_OscInitStruct.PLL.PLLN = 384;
 118              		.loc 1 138 3 is_stmt 1 view .LVU29
 119              		.loc 1 138 30 is_stmt 0 view .LVU30
 120 0068 4FF4C072 		mov	r2, #384
 121 006c 2092     		str	r2, [sp, #128]
 139:Core/Src/main.c ****   RCC_OscInitStruct.PLL.PLLP = RCC_PLLP_DIV4;
 122              		.loc 1 139 3 is_stmt 1 view .LVU31
 123              		.loc 1 139 30 is_stmt 0 view .LVU32
 124 006e 0422     		movs	r2, #4
 125 0070 2192     		str	r2, [sp, #132]
 140:Core/Src/main.c ****   RCC_OscInitStruct.PLL.PLLQ = 8;
 126              		.loc 1 140 3 is_stmt 1 view .LVU33
 127              		.loc 1 140 30 is_stmt 0 view .LVU34
 128 0072 2293     		str	r3, [sp, #136]
 141:Core/Src/main.c ****   RCC_OscInitStruct.PLL.PLLR = 2;
 129              		.loc 1 141 3 is_stmt 1 view .LVU35
 130              		.loc 1 141 30 is_stmt 0 view .LVU36
 131 0074 2395     		str	r5, [sp, #140]
 142:Core/Src/main.c ****   if (HAL_RCC_OscConfig(&RCC_OscInitStruct) != HAL_OK)
 132              		.loc 1 142 3 is_stmt 1 view .LVU37
 133              		.loc 1 142 7 is_stmt 0 view .LVU38
 134 0076 17A8     		add	r0, sp, #92
 135 0078 FFF7FEFF 		bl	HAL_RCC_OscConfig
 136              	.LVL2:
 143:Core/Src/main.c ****   {
 144:Core/Src/main.c ****     Error_Handler();
 145:Core/Src/main.c ****   }
 146:Core/Src/main.c ****   /** Initializes the CPU, AHB and APB buses clocks
 147:Core/Src/main.c ****   */
 148:Core/Src/main.c ****   RCC_ClkInitStruct.ClockType = RCC_CLOCKTYPE_HCLK|RCC_CLOCKTYPE_SYSCLK
 137              		.loc 1 148 3 is_stmt 1 view .LVU39
 138              		.loc 1 148 31 is_stmt 0 view .LVU40
ARM GAS  /var/folders/s1/w1vq8g2x1hl_3mycxvqn0m9w0000gn/T//cciDBOAa.s 			page 6


 139 007c 0F23     		movs	r3, #15
 140 007e 1293     		str	r3, [sp, #72]
 149:Core/Src/main.c ****                               |RCC_CLOCKTYPE_PCLK1|RCC_CLOCKTYPE_PCLK2;
 150:Core/Src/main.c ****   RCC_ClkInitStruct.SYSCLKSource = RCC_SYSCLKSOURCE_PLLCLK;
 141              		.loc 1 150 3 is_stmt 1 view .LVU41
 142              		.loc 1 150 34 is_stmt 0 view .LVU42
 143 0080 1395     		str	r5, [sp, #76]
 151:Core/Src/main.c ****   RCC_ClkInitStruct.AHBCLKDivider = RCC_SYSCLK_DIV1;
 144              		.loc 1 151 3 is_stmt 1 view .LVU43
 145              		.loc 1 151 35 is_stmt 0 view .LVU44
 146 0082 1494     		str	r4, [sp, #80]
 152:Core/Src/main.c ****   RCC_ClkInitStruct.APB1CLKDivider = RCC_HCLK_DIV2;
 147              		.loc 1 152 3 is_stmt 1 view .LVU45
 148              		.loc 1 152 36 is_stmt 0 view .LVU46
 149 0084 4FF48053 		mov	r3, #4096
 150 0088 1593     		str	r3, [sp, #84]
 153:Core/Src/main.c ****   RCC_ClkInitStruct.APB2CLKDivider = RCC_HCLK_DIV1;
 151              		.loc 1 153 3 is_stmt 1 view .LVU47
 152              		.loc 1 153 36 is_stmt 0 view .LVU48
 153 008a 1694     		str	r4, [sp, #88]
 154:Core/Src/main.c **** 
 155:Core/Src/main.c ****   if (HAL_RCC_ClockConfig(&RCC_ClkInitStruct, FLASH_LATENCY_3) != HAL_OK)
 154              		.loc 1 155 3 is_stmt 1 view .LVU49
 155              		.loc 1 155 7 is_stmt 0 view .LVU50
 156 008c 0321     		movs	r1, #3
 157 008e 12A8     		add	r0, sp, #72
 158 0090 FFF7FEFF 		bl	HAL_RCC_ClockConfig
 159              	.LVL3:
 156:Core/Src/main.c ****   {
 157:Core/Src/main.c ****     Error_Handler();
 158:Core/Src/main.c ****   }
 159:Core/Src/main.c ****   PeriphClkInitStruct.PeriphClockSelection = RCC_PERIPHCLK_CLK48;
 160              		.loc 1 159 3 is_stmt 1 view .LVU51
 161              		.loc 1 159 44 is_stmt 0 view .LVU52
 162 0094 2023     		movs	r3, #32
 163 0096 0393     		str	r3, [sp, #12]
 160:Core/Src/main.c ****   PeriphClkInitStruct.Clk48ClockSelection = RCC_CLK48CLKSOURCE_PLLQ;
 164              		.loc 1 160 3 is_stmt 1 view .LVU53
 165              		.loc 1 160 43 is_stmt 0 view .LVU54
 166 0098 0D94     		str	r4, [sp, #52]
 161:Core/Src/main.c ****   if (HAL_RCCEx_PeriphCLKConfig(&PeriphClkInitStruct) != HAL_OK)
 167              		.loc 1 161 3 is_stmt 1 view .LVU55
 168              		.loc 1 161 7 is_stmt 0 view .LVU56
 169 009a 03A8     		add	r0, sp, #12
 170 009c FFF7FEFF 		bl	HAL_RCCEx_PeriphCLKConfig
 171              	.LVL4:
 162:Core/Src/main.c ****   {
 163:Core/Src/main.c ****     Error_Handler();
 164:Core/Src/main.c ****   }
 165:Core/Src/main.c **** }
 172              		.loc 1 165 1 view .LVU57
 173 00a0 25B0     		add	sp, sp, #148
 174              	.LCFI2:
 175              		.cfi_def_cfa_offset 12
 176              		@ sp needed
 177 00a2 30BD     		pop	{r4, r5, pc}
 178              	.L4:
ARM GAS  /var/folders/s1/w1vq8g2x1hl_3mycxvqn0m9w0000gn/T//cciDBOAa.s 			page 7


 179              		.align	2
 180              	.L3:
 181 00a4 00380240 		.word	1073887232
 182 00a8 00700040 		.word	1073770496
 183              		.cfi_endproc
 184              	.LFE135:
 186              		.section	.text.main,"ax",%progbits
 187              		.align	1
 188              		.global	main
 189              		.syntax unified
 190              		.thumb
 191              		.thumb_func
 192              		.fpu fpv4-sp-d16
 194              	main:
 195              	.LFB134:
  70:Core/Src/main.c ****   /* USER CODE BEGIN 1 */
 196              		.loc 1 70 1 is_stmt 1 view -0
 197              		.cfi_startproc
 198              		@ Volatile: function does not return.
 199              		@ args = 0, pretend = 0, frame = 0
 200              		@ frame_needed = 0, uses_anonymous_args = 0
 201 0000 08B5     		push	{r3, lr}
 202              	.LCFI3:
 203              		.cfi_def_cfa_offset 8
 204              		.cfi_offset 3, -8
 205              		.cfi_offset 14, -4
  78:Core/Src/main.c **** 
 206              		.loc 1 78 3 view .LVU59
 207 0002 FFF7FEFF 		bl	HAL_Init
 208              	.LVL5:
  85:Core/Src/main.c **** 
 209              		.loc 1 85 3 view .LVU60
 210 0006 FFF7FEFF 		bl	SystemClock_Config
 211              	.LVL6:
  92:Core/Src/main.c ****   MX_DMA_Init();
 212              		.loc 1 92 3 view .LVU61
 213 000a FFF7FEFF 		bl	MX_GPIO_Init
 214              	.LVL7:
  93:Core/Src/main.c ****   MX_USB_DEVICE_Init();
 215              		.loc 1 93 3 view .LVU62
 216 000e FFF7FEFF 		bl	MX_DMA_Init
 217              	.LVL8:
  94:Core/Src/main.c ****   MX_SPI1_Init();
 218              		.loc 1 94 3 view .LVU63
 219 0012 FFF7FEFF 		bl	MX_USB_DEVICE_Init
 220              	.LVL9:
  95:Core/Src/main.c ****   /* USER CODE BEGIN 2 */
 221              		.loc 1 95 3 view .LVU64
 222 0016 FFF7FEFF 		bl	MX_SPI1_Init
 223              	.LVL10:
 102:Core/Src/main.c ****   while (1)
 224              		.loc 1 102 3 view .LVU65
 225 001a 0A48     		ldr	r0, .L8
 226 001c FFF7FEFF 		bl	DigiLed_init
 227              	.LVL11:
 228              	.L6:
 103:Core/Src/main.c ****   {
ARM GAS  /var/folders/s1/w1vq8g2x1hl_3mycxvqn0m9w0000gn/T//cciDBOAa.s 			page 8


 229              		.loc 1 103 3 discriminator 1 view .LVU66
 105:Core/Src/main.c ****     HAL_GPIO_WritePin(GPIOA, GPIO_PIN_5 ,GPIO_PIN_SET);
 230              		.loc 1 105 5 discriminator 1 view .LVU67
 231 0020 094C     		ldr	r4, .L8+4
 232 0022 0122     		movs	r2, #1
 233 0024 8021     		movs	r1, #128
 234 0026 2046     		mov	r0, r4
 235 0028 FFF7FEFF 		bl	HAL_GPIO_WritePin
 236              	.LVL12:
 106:Core/Src/main.c ****     DigiLed_setAllColor(30,30,30);
 237              		.loc 1 106 5 discriminator 1 view .LVU68
 238 002c 0122     		movs	r2, #1
 239 002e 2021     		movs	r1, #32
 240 0030 2046     		mov	r0, r4
 241 0032 FFF7FEFF 		bl	HAL_GPIO_WritePin
 242              	.LVL13:
 107:Core/Src/main.c ****     // HAL_SPI_Transmit( &hspi1, ws_buffer, LED_BUFFER_LENGTH, 300);
 243              		.loc 1 107 5 discriminator 1 view .LVU69
 244 0036 1E22     		movs	r2, #30
 245 0038 1146     		mov	r1, r2
 246 003a 1046     		mov	r0, r2
 247 003c FFF7FEFF 		bl	DigiLed_setAllColor
 248              	.LVL14:
 103:Core/Src/main.c ****   {
 249              		.loc 1 103 9 discriminator 1 view .LVU70
 250 0040 EEE7     		b	.L6
 251              	.L9:
 252 0042 00BF     		.align	2
 253              	.L8:
 254 0044 00000000 		.word	hspi1
 255 0048 00000240 		.word	1073872896
 256              		.cfi_endproc
 257              	.LFE134:
 259              		.section	.text.Error_Handler,"ax",%progbits
 260              		.align	1
 261              		.global	Error_Handler
 262              		.syntax unified
 263              		.thumb
 264              		.thumb_func
 265              		.fpu fpv4-sp-d16
 267              	Error_Handler:
 268              	.LFB136:
 166:Core/Src/main.c **** 
 167:Core/Src/main.c **** /* USER CODE BEGIN 4 */
 168:Core/Src/main.c **** 
 169:Core/Src/main.c **** /* USER CODE END 4 */
 170:Core/Src/main.c **** 
 171:Core/Src/main.c **** /**
 172:Core/Src/main.c ****   * @brief  This function is executed in case of error occurrence.
 173:Core/Src/main.c ****   * @retval None
 174:Core/Src/main.c ****   */
 175:Core/Src/main.c **** void Error_Handler(void)
 176:Core/Src/main.c **** {
 269              		.loc 1 176 1 view -0
 270              		.cfi_startproc
 271              		@ args = 0, pretend = 0, frame = 0
 272              		@ frame_needed = 0, uses_anonymous_args = 0
ARM GAS  /var/folders/s1/w1vq8g2x1hl_3mycxvqn0m9w0000gn/T//cciDBOAa.s 			page 9


 273              		@ link register save eliminated.
 177:Core/Src/main.c ****   /* USER CODE BEGIN Error_Handler_Debug */
 178:Core/Src/main.c ****   /* User can add his own implementation to report the HAL error return state */
 179:Core/Src/main.c **** 
 180:Core/Src/main.c ****   /* USER CODE END Error_Handler_Debug */
 181:Core/Src/main.c **** }
 274              		.loc 1 181 1 view .LVU72
 275 0000 7047     		bx	lr
 276              		.cfi_endproc
 277              	.LFE136:
 279              		.comm	_digitalLedframe,480,4
 280              		.text
 281              	.Letext0:
 282              		.file 2 "/usr/local/Cellar/arm-none-eabi-gcc/9-2019-q4-major/gcc/arm-none-eabi/include/machine/_de
 283              		.file 3 "/usr/local/Cellar/arm-none-eabi-gcc/9-2019-q4-major/gcc/arm-none-eabi/include/sys/_stdint
 284              		.file 4 "Drivers/CMSIS/Include/core_cm4.h"
 285              		.file 5 "Drivers/CMSIS/Device/ST/STM32F4xx/Include/system_stm32f4xx.h"
 286              		.file 6 "Drivers/CMSIS/Device/ST/STM32F4xx/Include/stm32f412zx.h"
 287              		.file 7 "Drivers/STM32F4xx_HAL_Driver/Inc/stm32f4xx_hal_def.h"
 288              		.file 8 "Drivers/STM32F4xx_HAL_Driver/Inc/stm32f4xx_hal_rcc_ex.h"
 289              		.file 9 "Drivers/STM32F4xx_HAL_Driver/Inc/stm32f4xx_hal_rcc.h"
 290              		.file 10 "Drivers/STM32F4xx_HAL_Driver/Inc/stm32f4xx_hal_gpio.h"
 291              		.file 11 "Drivers/STM32F4xx_HAL_Driver/Inc/stm32f4xx_hal_dma.h"
 292              		.file 12 "Drivers/STM32F4xx_HAL_Driver/Inc/stm32f4xx_hal_spi.h"
 293              		.file 13 "Drivers/STM32F4xx_HAL_Driver/Inc/stm32f4xx_hal.h"
 294              		.file 14 "Core/Inc/spi.h"
 295              		.file 15 "/usr/local/Cellar/arm-none-eabi-gcc/9-2019-q4-major/gcc/arm-none-eabi/include/sys/lock.h
 296              		.file 16 "/usr/local/Cellar/arm-none-eabi-gcc/9-2019-q4-major/gcc/arm-none-eabi/include/sys/_types
 297              		.file 17 "/usr/local/Cellar/arm-none-eabi-gcc/9-2019-q4-major/gcc/lib/gcc/arm-none-eabi/9.2.1/incl
 298              		.file 18 "/usr/local/Cellar/arm-none-eabi-gcc/9-2019-q4-major/gcc/arm-none-eabi/include/sys/reent.
 299              		.file 19 "/usr/local/Cellar/arm-none-eabi-gcc/9-2019-q4-major/gcc/arm-none-eabi/include/stdlib.h"
 300              		.file 20 "Core/Inc/DigiLed.h"
 301              		.file 21 "Core/Inc/gpio.h"
 302              		.file 22 "Core/Inc/dma.h"
 303              		.file 23 "USB_DEVICE/App/usb_device.h"
 304              		.file 24 "<built-in>"
ARM GAS  /var/folders/s1/w1vq8g2x1hl_3mycxvqn0m9w0000gn/T//cciDBOAa.s 			page 10


DEFINED SYMBOLS
                            *ABS*:0000000000000000 main.c
/var/folders/s1/w1vq8g2x1hl_3mycxvqn0m9w0000gn/T//cciDBOAa.s:18     .text.SystemClock_Config:0000000000000000 $t
/var/folders/s1/w1vq8g2x1hl_3mycxvqn0m9w0000gn/T//cciDBOAa.s:26     .text.SystemClock_Config:0000000000000000 SystemClock_Config
/var/folders/s1/w1vq8g2x1hl_3mycxvqn0m9w0000gn/T//cciDBOAa.s:181    .text.SystemClock_Config:00000000000000a4 $d
/var/folders/s1/w1vq8g2x1hl_3mycxvqn0m9w0000gn/T//cciDBOAa.s:187    .text.main:0000000000000000 $t
/var/folders/s1/w1vq8g2x1hl_3mycxvqn0m9w0000gn/T//cciDBOAa.s:194    .text.main:0000000000000000 main
/var/folders/s1/w1vq8g2x1hl_3mycxvqn0m9w0000gn/T//cciDBOAa.s:254    .text.main:0000000000000044 $d
/var/folders/s1/w1vq8g2x1hl_3mycxvqn0m9w0000gn/T//cciDBOAa.s:260    .text.Error_Handler:0000000000000000 $t
/var/folders/s1/w1vq8g2x1hl_3mycxvqn0m9w0000gn/T//cciDBOAa.s:267    .text.Error_Handler:0000000000000000 Error_Handler
                            *COM*:00000000000001e0 _digitalLedframe

UNDEFINED SYMBOLS
memset
HAL_RCC_OscConfig
HAL_RCC_ClockConfig
HAL_RCCEx_PeriphCLKConfig
HAL_Init
MX_GPIO_Init
MX_DMA_Init
MX_USB_DEVICE_Init
MX_SPI1_Init
DigiLed_init
HAL_GPIO_WritePin
DigiLed_setAllColor
hspi1
